#
# There is insufficient memory for the Java Runtime Environment to continue.
# Native memory allocation (malloc) failed to allocate 1081936 bytes. Error detail: Chunk::new
# Possible reasons:
#   The system is out of physical RAM or swap space
#   This process is running with CompressedOops enabled, and the Java Heap may be blocking the growth of the native heap
# Possible solutions:
#   Reduce memory load on the system
#   Increase physical memory or swap space
#   Check if swap backing store is full
#   Decrease Java heap size (-Xmx/-Xms)
#   Decrease number of Java threads
#   Decrease Java thread stack sizes (-Xss)
#   Set larger code cache with -XX:ReservedCodeCacheSize=
#   JVM is running with Unscaled Compressed Oops mode in which the Java heap is
#     placed in the first 4GB address space. The Java Heap base address is the
#     maximum limit for the native heap growth. Please use -XX:HeapBaseMinAddress
#     to set the Java Heap base and to place the Java Heap above 4GB virtual address.
# This output file may be truncated or incomplete.
#
#  Out of Memory Error (arena.cpp:168), pid=29076, tid=24952
#
# JRE version: OpenJDK Runtime Environment Temurin-21.0.8+9 (21.0.8+9) (build 21.0.8+9-LTS)
# Java VM: OpenJDK 64-Bit Server VM Temurin-21.0.8+9 (21.0.8+9-LTS, mixed mode, sharing, tiered, compressed oops, compressed class ptrs, g1 gc, windows-amd64)
# No core dump will be written. Minidumps are not enabled by default on client versions of Windows
#

---------------  S U M M A R Y ------------

Command Line: --enable-native-access=ALL-UNNAMED -Dclassworlds.conf=E:\apache-maven-3.9.11-bin\apache-maven-3.9.11\bin\m2.conf -Dmaven.home=E:\apache-maven-3.9.11-bin\apache-maven-3.9.11 -Dlibrary.jansi.path=E:\apache-maven-3.9.11-bin\apache-maven-3.9.11\lib\jansi-native -Dmaven.multiModuleProjectDirectory=E:\SKILL_SYNC-SPRING\group-service org.codehaus.plexus.classworlds.launcher.Launcher spring-boot:run

Host: 11th Gen Intel(R) Core(TM) i3-1115G4 @ 3.00GHz, 4 cores, 7G,  Windows 11 , 64 bit Build 26100 (10.0.26100.7920)
Time: Wed Mar 25 16:15:55 2026 India Standard Time elapsed time: 3.589442 seconds (0d 0h 0m 3s)

---------------  T H R E A D  ---------------

Current thread (0x0000022f7bc002f0):  JavaThread "C2 CompilerThread1" daemon [_thread_in_native, id=24952, stack(0x000000d937a00000,0x000000d937b00000) (1024K)]


Current CompileTask:
C2:3589 2773   !   4       java.net.URL::<init> (543 bytes)

Stack: [0x000000d937a00000,0x000000d937b00000]
Native frames: (J=compiled Java code, j=interpreted, Vv=VM code, C=native code)
V  [jvm.dll+0x6d2449]
V  [jvm.dll+0x8ae341]
V  [jvm.dll+0x8b08be]
V  [jvm.dll+0x8b0fa3]
V  [jvm.dll+0x280c96]
V  [jvm.dll+0xc581d]
V  [jvm.dll+0xc5d53]
V  [jvm.dll+0x3b9162]
V  [jvm.dll+0x385315]
V  [jvm.dll+0x38477a]
V  [jvm.dll+0x248ed0]
V  [jvm.dll+0x2484af]
V  [jvm.dll+0x1c89ee]
V  [jvm.dll+0x257d4d]
V  [jvm.dll+0x2562ea]
V  [jvm.dll+0x3f2d16]
V  [jvm.dll+0x857e6b]
V  [jvm.dll+0x6d0b0d]
C  [ucrtbase.dll+0x37b0]
C  [KERNEL32.DLL+0x2e8d7]
C  [ntdll.dll+0x8c48c]


---------------  P R O C E S S  ---------------

Threads class SMR info:
_java_thread_list=0x0000022f7b8fc9a0, length=13, elements={
0x0000022f17148a90, 0x0000022f35640ae0, 0x0000022f35642630, 0x0000022f356480e0,
0x0000022f35648e80, 0x0000022f3564b1e0, 0x0000022f3564cb70, 0x0000022f35650c10,
0x0000022f3565bde0, 0x0000022f357a0040, 0x0000022f357acca0, 0x0000022f7bc002f0,
0x0000022f7bb6e4b0
}

Java Threads: ( => current thread )
  0x0000022f17148a90 JavaThread "main"                              [_thread_in_Java, id=23708, stack(0x000000d936500000,0x000000d936600000) (1024K)]
  0x0000022f35640ae0 JavaThread "Reference Handler"          daemon [_thread_blocked, id=28288, stack(0x000000d936d00000,0x000000d936e00000) (1024K)]
  0x0000022f35642630 JavaThread "Finalizer"                  daemon [_thread_blocked, id=19628, stack(0x000000d936e00000,0x000000d936f00000) (1024K)]
  0x0000022f356480e0 JavaThread "Signal Dispatcher"          daemon [_thread_blocked, id=25104, stack(0x000000d936f00000,0x000000d937000000) (1024K)]
  0x0000022f35648e80 JavaThread "Attach Listener"            daemon [_thread_blocked, id=20596, stack(0x000000d937000000,0x000000d937100000) (1024K)]
  0x0000022f3564b1e0 JavaThread "Service Thread"             daemon [_thread_blocked, id=16568, stack(0x000000d937100000,0x000000d937200000) (1024K)]
  0x0000022f3564cb70 JavaThread "Monitor Deflation Thread"   daemon [_thread_blocked, id=27140, stack(0x000000d937200000,0x000000d937300000) (1024K)]
  0x0000022f35650c10 JavaThread "C2 CompilerThread0"         daemon [_thread_in_native, id=19172, stack(0x000000d937300000,0x000000d937400000) (1024K)]
  0x0000022f3565bde0 JavaThread "C1 CompilerThread0"         daemon [_thread_blocked, id=11420, stack(0x000000d937400000,0x000000d937500000) (1024K)]
  0x0000022f357a0040 JavaThread "Notification Thread"        daemon [_thread_blocked, id=17652, stack(0x000000d937500000,0x000000d937600000) (1024K)]
  0x0000022f357acca0 JavaThread "Common-Cleaner"             daemon [_thread_blocked, id=1444, stack(0x000000d937600000,0x000000d937700000) (1024K)]
=>0x0000022f7bc002f0 JavaThread "C2 CompilerThread1"         daemon [_thread_in_native, id=24952, stack(0x000000d937a00000,0x000000d937b00000) (1024K)]
  0x0000022f7bb6e4b0 JavaThread "Thread-1"                   daemon [_thread_blocked, id=1632, stack(0x000000d937b00000,0x000000d937c00000) (1024K)]
Total: 13

Other Threads:
  0x0000022f3561fba0 VMThread "VM Thread"                           [id=26544, stack(0x000000d936c00000,0x000000d936d00000) (1024K)]
  0x0000022f3560eaa0 WatcherThread "VM Periodic Task Thread"        [id=20324, stack(0x000000d936b00000,0x000000d936c00000) (1024K)]
  0x0000022f1946d8f0 WorkerThread "GC Thread#0"                     [id=16024, stack(0x000000d936600000,0x000000d936700000) (1024K)]
  0x0000022f7b22a850 WorkerThread "GC Thread#1"                     [id=13664, stack(0x000000d937700000,0x000000d937800000) (1024K)]
  0x0000022f7b6afc20 WorkerThread "GC Thread#2"                     [id=21432, stack(0x000000d937800000,0x000000d937900000) (1024K)]
  0x0000022f7b1c4110 WorkerThread "GC Thread#3"                     [id=7976, stack(0x000000d937900000,0x000000d937a00000) (1024K)]
  0x0000022f1947ddd0 ConcurrentGCThread "G1 Main Marker"            [id=11892, stack(0x000000d936700000,0x000000d936800000) (1024K)]
  0x0000022f1947f750 WorkerThread "G1 Conc#0"                       [id=23480, stack(0x000000d936800000,0x000000d936900000) (1024K)]
  0x0000022f194deb20 ConcurrentGCThread "G1 Refine#0"               [id=3128, stack(0x000000d936900000,0x000000d936a00000) (1024K)]
  0x0000022f354df770 ConcurrentGCThread "G1 Service"                [id=27076, stack(0x000000d936a00000,0x000000d936b00000) (1024K)]
Total: 10

Threads with active compile tasks:
C2 CompilerThread0  3625 2808       4       org.codehaus.plexus.util.xml.pull.MXParser::more (106 bytes)
C2 CompilerThread1  3625 2773   !   4       java.net.URL::<init> (543 bytes)
Total: 2

VM state: not at safepoint (normal execution)

VM Mutex/Monitor currently owned by a thread: None

Heap address: 0x0000000085800000, size: 1960 MB, Compressed Oops mode: 32-bit

CDS archive(s) mapped at: [0x0000022f36000000-0x0000022f36c80000-0x0000022f36c80000), size 13107200, SharedBaseAddress: 0x0000022f36000000, ArchiveRelocationMode: 1.
Compressed class space mapped at: 0x0000022f37000000-0x0000022f77000000, reserved size: 1073741824
Narrow klass base: 0x0000022f36000000, Narrow klass shift: 0, Narrow klass range: 0x100000000

GC Precious Log:
 CardTable entry size: 512
 Card Set container configuration: InlinePtr #cards 5 size 8 Array Of Cards #cards 12 size 40 Howl #buckets 4 coarsen threshold 1843 Howl Bitmap #cards 512 size 80 coarsen threshold 460 Card regions per heap region 1 cards per card region 2048
 CPUs: 4 total, 4 available
 Memory: 7834M
 Large Page Support: Disabled
 NUMA Support: Disabled
 Compressed Oops: Enabled (32-bit)
 Heap Region Size: 1M
 Heap Min Capacity: 8M
 Heap Initial Capacity: 124M
 Heap Max Capacity: 1960M
 Pre-touch: Disabled
 Parallel Workers: 4
 Concurrent Workers: 1
 Concurrent Refinement Workers: 4
 Periodic GC: Disabled

Heap:
 garbage-first heap   total 126976K, used 47265K [0x0000000085800000, 0x0000000100000000)
  region size 1024K, 45 young (46080K), 1 survivors (1024K)
 Metaspace       used 14243K, committed 14464K, reserved 1114112K
  class space    used 1733K, committed 1856K, reserved 1048576K

Heap Regions: E=young(eden), S=young(survivor), O=old, HS=humongous(starts), HC=humongous(continues), CS=collection set, F=free, TAMS=top-at-mark-start, PB=parsable bottom
|   0|0x0000000085800000, 0x0000000085900000, 0x0000000085900000|100%| O|  |TAMS 0x0000000085800000| PB 0x0000000085800000| Untracked 
|   1|0x0000000085900000, 0x0000000085a00000, 0x0000000085a00000|100%| O|  |TAMS 0x0000000085900000| PB 0x0000000085900000| Untracked 
|   2|0x0000000085a00000, 0x0000000085b00000, 0x0000000085b00000|100%| O|  |TAMS 0x0000000085a00000| PB 0x0000000085a00000| Untracked 
|   3|0x0000000085b00000, 0x0000000085b51ac8, 0x0000000085c00000| 31%| O|  |TAMS 0x0000000085b00000| PB 0x0000000085b00000| Untracked 
|   4|0x0000000085c00000, 0x0000000085c00000, 0x0000000085d00000|  0%| F|  |TAMS 0x0000000085c00000| PB 0x0000000085c00000| Untracked 
|   5|0x0000000085d00000, 0x0000000085d00000, 0x0000000085e00000|  0%| F|  |TAMS 0x0000000085d00000| PB 0x0000000085d00000| Untracked 
|   6|0x0000000085e00000, 0x0000000085e00000, 0x0000000085f00000|  0%| F|  |TAMS 0x0000000085e00000| PB 0x0000000085e00000| Untracked 
|   7|0x0000000085f00000, 0x0000000085f00000, 0x0000000086000000|  0%| F|  |TAMS 0x0000000085f00000| PB 0x0000000085f00000| Untracked 
|   8|0x0000000086000000, 0x0000000086000000, 0x0000000086100000|  0%| F|  |TAMS 0x0000000086000000| PB 0x0000000086000000| Untracked 
|   9|0x0000000086100000, 0x0000000086100000, 0x0000000086200000|  0%| F|  |TAMS 0x0000000086100000| PB 0x0000000086100000| Untracked 
|  10|0x0000000086200000, 0x0000000086200000, 0x0000000086300000|  0%| F|  |TAMS 0x0000000086200000| PB 0x0000000086200000| Untracked 
|  11|0x0000000086300000, 0x0000000086300000, 0x0000000086400000|  0%| F|  |TAMS 0x0000000086300000| PB 0x0000000086300000| Untracked 
|  12|0x0000000086400000, 0x0000000086400000, 0x0000000086500000|  0%| F|  |TAMS 0x0000000086400000| PB 0x0000000086400000| Untracked 
|  13|0x0000000086500000, 0x0000000086500000, 0x0000000086600000|  0%| F|  |TAMS 0x0000000086500000| PB 0x0000000086500000| Untracked 
|  14|0x0000000086600000, 0x0000000086600000, 0x0000000086700000|  0%| F|  |TAMS 0x0000000086600000| PB 0x0000000086600000| Untracked 
|  15|0x0000000086700000, 0x0000000086700000, 0x0000000086800000|  0%| F|  |TAMS 0x0000000086700000| PB 0x0000000086700000| Untracked 
|  16|0x0000000086800000, 0x0000000086800000, 0x0000000086900000|  0%| F|  |TAMS 0x0000000086800000| PB 0x0000000086800000| Untracked 
|  17|0x0000000086900000, 0x0000000086900000, 0x0000000086a00000|  0%| F|  |TAMS 0x0000000086900000| PB 0x0000000086900000| Untracked 
|  18|0x0000000086a00000, 0x0000000086a00000, 0x0000000086b00000|  0%| F|  |TAMS 0x0000000086a00000| PB 0x0000000086a00000| Untracked 
|  19|0x0000000086b00000, 0x0000000086b00000, 0x0000000086c00000|  0%| F|  |TAMS 0x0000000086b00000| PB 0x0000000086b00000| Untracked 
|  20|0x0000000086c00000, 0x0000000086c00000, 0x0000000086d00000|  0%| F|  |TAMS 0x0000000086c00000| PB 0x0000000086c00000| Untracked 
|  21|0x0000000086d00000, 0x0000000086d00000, 0x0000000086e00000|  0%| F|  |TAMS 0x0000000086d00000| PB 0x0000000086d00000| Untracked 
|  22|0x0000000086e00000, 0x0000000086e00000, 0x0000000086f00000|  0%| F|  |TAMS 0x0000000086e00000| PB 0x0000000086e00000| Untracked 
|  23|0x0000000086f00000, 0x0000000086f00000, 0x0000000087000000|  0%| F|  |TAMS 0x0000000086f00000| PB 0x0000000086f00000| Untracked 
|  24|0x0000000087000000, 0x0000000087000000, 0x0000000087100000|  0%| F|  |TAMS 0x0000000087000000| PB 0x0000000087000000| Untracked 
|  25|0x0000000087100000, 0x0000000087100000, 0x0000000087200000|  0%| F|  |TAMS 0x0000000087100000| PB 0x0000000087100000| Untracked 
|  26|0x0000000087200000, 0x0000000087200000, 0x0000000087300000|  0%| F|  |TAMS 0x0000000087200000| PB 0x0000000087200000| Untracked 
|  27|0x0000000087300000, 0x0000000087300000, 0x0000000087400000|  0%| F|  |TAMS 0x0000000087300000| PB 0x0000000087300000| Untracked 
|  28|0x0000000087400000, 0x0000000087400000, 0x0000000087500000|  0%| F|  |TAMS 0x0000000087400000| PB 0x0000000087400000| Untracked 
|  29|0x0000000087500000, 0x0000000087500000, 0x0000000087600000|  0%| F|  |TAMS 0x0000000087500000| PB 0x0000000087500000| Untracked 
|  30|0x0000000087600000, 0x0000000087600000, 0x0000000087700000|  0%| F|  |TAMS 0x0000000087600000| PB 0x0000000087600000| Untracked 
|  31|0x0000000087700000, 0x0000000087700000, 0x0000000087800000|  0%| F|  |TAMS 0x0000000087700000| PB 0x0000000087700000| Untracked 
|  32|0x0000000087800000, 0x0000000087800000, 0x0000000087900000|  0%| F|  |TAMS 0x0000000087800000| PB 0x0000000087800000| Untracked 
|  33|0x0000000087900000, 0x0000000087900000, 0x0000000087a00000|  0%| F|  |TAMS 0x0000000087900000| PB 0x0000000087900000| Untracked 
|  34|0x0000000087a00000, 0x0000000087a00000, 0x0000000087b00000|  0%| F|  |TAMS 0x0000000087a00000| PB 0x0000000087a00000| Untracked 
|  35|0x0000000087b00000, 0x0000000087b00000, 0x0000000087c00000|  0%| F|  |TAMS 0x0000000087b00000| PB 0x0000000087b00000| Untracked 
|  36|0x0000000087c00000, 0x0000000087c00000, 0x0000000087d00000|  0%| F|  |TAMS 0x0000000087c00000| PB 0x0000000087c00000| Untracked 
|  37|0x0000000087d00000, 0x0000000087d00000, 0x0000000087e00000|  0%| F|  |TAMS 0x0000000087d00000| PB 0x0000000087d00000| Untracked 
|  38|0x0000000087e00000, 0x0000000087e00000, 0x0000000087f00000|  0%| F|  |TAMS 0x0000000087e00000| PB 0x0000000087e00000| Untracked 
|  39|0x0000000087f00000, 0x0000000087f00000, 0x0000000088000000|  0%| F|  |TAMS 0x0000000087f00000| PB 0x0000000087f00000| Untracked 
|  40|0x0000000088000000, 0x0000000088000000, 0x0000000088100000|  0%| F|  |TAMS 0x0000000088000000| PB 0x0000000088000000| Untracked 
|  41|0x0000000088100000, 0x0000000088100000, 0x0000000088200000|  0%| F|  |TAMS 0x0000000088100000| PB 0x0000000088100000| Untracked 
|  42|0x0000000088200000, 0x0000000088200000, 0x0000000088300000|  0%| F|  |TAMS 0x0000000088200000| PB 0x0000000088200000| Untracked 
|  43|0x0000000088300000, 0x0000000088300000, 0x0000000088400000|  0%| F|  |TAMS 0x0000000088300000| PB 0x0000000088300000| Untracked 
|  44|0x0000000088400000, 0x0000000088400000, 0x0000000088500000|  0%| F|  |TAMS 0x0000000088400000| PB 0x0000000088400000| Untracked 
|  45|0x0000000088500000, 0x0000000088500000, 0x0000000088600000|  0%| F|  |TAMS 0x0000000088500000| PB 0x0000000088500000| Untracked 
|  46|0x0000000088600000, 0x0000000088600000, 0x0000000088700000|  0%| F|  |TAMS 0x0000000088600000| PB 0x0000000088600000| Untracked 
|  47|0x0000000088700000, 0x0000000088700000, 0x0000000088800000|  0%| F|  |TAMS 0x0000000088700000| PB 0x0000000088700000| Untracked 
|  48|0x0000000088800000, 0x0000000088800000, 0x0000000088900000|  0%| F|  |TAMS 0x0000000088800000| PB 0x0000000088800000| Untracked 
|  49|0x0000000088900000, 0x0000000088900000, 0x0000000088a00000|  0%| F|  |TAMS 0x0000000088900000| PB 0x0000000088900000| Untracked 
|  50|0x0000000088a00000, 0x0000000088a00000, 0x0000000088b00000|  0%| F|  |TAMS 0x0000000088a00000| PB 0x0000000088a00000| Untracked 
|  51|0x0000000088b00000, 0x0000000088b00000, 0x0000000088c00000|  0%| F|  |TAMS 0x0000000088b00000| PB 0x0000000088b00000| Untracked 
|  52|0x0000000088c00000, 0x0000000088c00000, 0x0000000088d00000|  0%| F|  |TAMS 0x0000000088c00000| PB 0x0000000088c00000| Untracked 
|  53|0x0000000088d00000, 0x0000000088d00000, 0x0000000088e00000|  0%| F|  |TAMS 0x0000000088d00000| PB 0x0000000088d00000| Untracked 
|  54|0x0000000088e00000, 0x0000000088e00000, 0x0000000088f00000|  0%| F|  |TAMS 0x0000000088e00000| PB 0x0000000088e00000| Untracked 
|  55|0x0000000088f00000, 0x0000000088f00000, 0x0000000089000000|  0%| F|  |TAMS 0x0000000088f00000| PB 0x0000000088f00000| Untracked 
|  56|0x0000000089000000, 0x0000000089000000, 0x0000000089100000|  0%| F|  |TAMS 0x0000000089000000| PB 0x0000000089000000| Untracked 
|  57|0x0000000089100000, 0x0000000089100000, 0x0000000089200000|  0%| F|  |TAMS 0x0000000089100000| PB 0x0000000089100000| Untracked 
|  58|0x0000000089200000, 0x0000000089200000, 0x0000000089300000|  0%| F|  |TAMS 0x0000000089200000| PB 0x0000000089200000| Untracked 
|  59|0x0000000089300000, 0x0000000089300000, 0x0000000089400000|  0%| F|  |TAMS 0x0000000089300000| PB 0x0000000089300000| Untracked 
|  60|0x0000000089400000, 0x0000000089400000, 0x0000000089500000|  0%| F|  |TAMS 0x0000000089400000| PB 0x0000000089400000| Untracked 
|  61|0x0000000089500000, 0x0000000089500000, 0x0000000089600000|  0%| F|  |TAMS 0x0000000089500000| PB 0x0000000089500000| Untracked 
|  62|0x0000000089600000, 0x0000000089600000, 0x0000000089700000|  0%| F|  |TAMS 0x0000000089600000| PB 0x0000000089600000| Untracked 
|  63|0x0000000089700000, 0x0000000089700000, 0x0000000089800000|  0%| F|  |TAMS 0x0000000089700000| PB 0x0000000089700000| Untracked 
|  64|0x0000000089800000, 0x0000000089800000, 0x0000000089900000|  0%| F|  |TAMS 0x0000000089800000| PB 0x0000000089800000| Untracked 
|  65|0x0000000089900000, 0x0000000089900000, 0x0000000089a00000|  0%| F|  |TAMS 0x0000000089900000| PB 0x0000000089900000| Untracked 
|  66|0x0000000089a00000, 0x0000000089a00000, 0x0000000089b00000|  0%| F|  |TAMS 0x0000000089a00000| PB 0x0000000089a00000| Untracked 
|  67|0x0000000089b00000, 0x0000000089b00000, 0x0000000089c00000|  0%| F|  |TAMS 0x0000000089b00000| PB 0x0000000089b00000| Untracked 
|  68|0x0000000089c00000, 0x0000000089c00000, 0x0000000089d00000|  0%| F|  |TAMS 0x0000000089c00000| PB 0x0000000089c00000| Untracked 
|  69|0x0000000089d00000, 0x0000000089d00000, 0x0000000089e00000|  0%| F|  |TAMS 0x0000000089d00000| PB 0x0000000089d00000| Untracked 
|  70|0x0000000089e00000, 0x0000000089e00000, 0x0000000089f00000|  0%| F|  |TAMS 0x0000000089e00000| PB 0x0000000089e00000| Untracked 
|  71|0x0000000089f00000, 0x0000000089f00000, 0x000000008a000000|  0%| F|  |TAMS 0x0000000089f00000| PB 0x0000000089f00000| Untracked 
|  72|0x000000008a000000, 0x000000008a000000, 0x000000008a100000|  0%| F|  |TAMS 0x000000008a000000| PB 0x000000008a000000| Untracked 
|  73|0x000000008a100000, 0x000000008a100000, 0x000000008a200000|  0%| F|  |TAMS 0x000000008a100000| PB 0x000000008a100000| Untracked 
|  74|0x000000008a200000, 0x000000008a200000, 0x000000008a300000|  0%| F|  |TAMS 0x000000008a200000| PB 0x000000008a200000| Untracked 
|  75|0x000000008a300000, 0x000000008a300000, 0x000000008a400000|  0%| F|  |TAMS 0x000000008a300000| PB 0x000000008a300000| Untracked 
|  76|0x000000008a400000, 0x000000008a400000, 0x000000008a500000|  0%| F|  |TAMS 0x000000008a400000| PB 0x000000008a400000| Untracked 
|  77|0x000000008a500000, 0x000000008a500000, 0x000000008a600000|  0%| F|  |TAMS 0x000000008a500000| PB 0x000000008a500000| Untracked 
|  78|0x000000008a600000, 0x000000008a600000, 0x000000008a700000|  0%| F|  |TAMS 0x000000008a600000| PB 0x000000008a600000| Untracked 
|  79|0x000000008a700000, 0x000000008a7d4e90, 0x000000008a800000| 83%| E|  |TAMS 0x000000008a700000| PB 0x000000008a700000| Complete 
|  80|0x000000008a800000, 0x000000008a900000, 0x000000008a900000|100%| E|CS|TAMS 0x000000008a800000| PB 0x000000008a800000| Complete 
|  81|0x000000008a900000, 0x000000008aa00000, 0x000000008aa00000|100%| E|CS|TAMS 0x000000008a900000| PB 0x000000008a900000| Complete 
|  82|0x000000008aa00000, 0x000000008ab00000, 0x000000008ab00000|100%| E|CS|TAMS 0x000000008aa00000| PB 0x000000008aa00000| Complete 
|  83|0x000000008ab00000, 0x000000008ac00000, 0x000000008ac00000|100%| E|CS|TAMS 0x000000008ab00000| PB 0x000000008ab00000| Complete 
|  84|0x000000008ac00000, 0x000000008ad00000, 0x000000008ad00000|100%| E|CS|TAMS 0x000000008ac00000| PB 0x000000008ac00000| Complete 
|  85|0x000000008ad00000, 0x000000008ae00000, 0x000000008ae00000|100%| E|CS|TAMS 0x000000008ad00000| PB 0x000000008ad00000| Complete 
|  86|0x000000008ae00000, 0x000000008af00000, 0x000000008af00000|100%| E|CS|TAMS 0x000000008ae00000| PB 0x000000008ae00000| Complete 
|  87|0x000000008af00000, 0x000000008b000000, 0x000000008b000000|100%| E|CS|TAMS 0x000000008af00000| PB 0x000000008af00000| Complete 
|  88|0x000000008b000000, 0x000000008b100000, 0x000000008b100000|100%| E|CS|TAMS 0x000000008b000000| PB 0x000000008b000000| Complete 
|  89|0x000000008b100000, 0x000000008b200000, 0x000000008b200000|100%| E|CS|TAMS 0x000000008b100000| PB 0x000000008b100000| Complete 
|  90|0x000000008b200000, 0x000000008b300000, 0x000000008b300000|100%| E|CS|TAMS 0x000000008b200000| PB 0x000000008b200000| Complete 
|  91|0x000000008b300000, 0x000000008b400000, 0x000000008b400000|100%| E|CS|TAMS 0x000000008b300000| PB 0x000000008b300000| Complete 
|  92|0x000000008b400000, 0x000000008b500000, 0x000000008b500000|100%| E|CS|TAMS 0x000000008b400000| PB 0x000000008b400000| Complete 
|  93|0x000000008b500000, 0x000000008b600000, 0x000000008b600000|100%| E|CS|TAMS 0x000000008b500000| PB 0x000000008b500000| Complete 
|  94|0x000000008b600000, 0x000000008b700000, 0x000000008b700000|100%| E|CS|TAMS 0x000000008b600000| PB 0x000000008b600000| Complete 
|  95|0x000000008b700000, 0x000000008b800000, 0x000000008b800000|100%| E|CS|TAMS 0x000000008b700000| PB 0x000000008b700000| Complete 
|  96|0x000000008b800000, 0x000000008b900000, 0x000000008b900000|100%| E|  |TAMS 0x000000008b800000| PB 0x000000008b800000| Complete 
|  97|0x000000008b900000, 0x000000008ba00000, 0x000000008ba00000|100%| E|CS|TAMS 0x000000008b900000| PB 0x000000008b900000| Complete 
|  98|0x000000008ba00000, 0x000000008bb00000, 0x000000008bb00000|100%| E|CS|TAMS 0x000000008ba00000| PB 0x000000008ba00000| Complete 
|  99|0x000000008bb00000, 0x000000008bc00000, 0x000000008bc00000|100%| E|CS|TAMS 0x000000008bb00000| PB 0x000000008bb00000| Complete 
| 100|0x000000008bc00000, 0x000000008bd00000, 0x000000008bd00000|100%| E|CS|TAMS 0x000000008bc00000| PB 0x000000008bc00000| Complete 
| 101|0x000000008bd00000, 0x000000008be00000, 0x000000008be00000|100%| E|CS|TAMS 0x000000008bd00000| PB 0x000000008bd00000| Complete 
| 102|0x000000008be00000, 0x000000008bf00000, 0x000000008bf00000|100%| E|CS|TAMS 0x000000008be00000| PB 0x000000008be00000| Complete 
| 103|0x000000008bf00000, 0x000000008c000000, 0x000000008c000000|100%| E|CS|TAMS 0x000000008bf00000| PB 0x000000008bf00000| Complete 
| 104|0x000000008c000000, 0x000000008c100000, 0x000000008c100000|100%| E|CS|TAMS 0x000000008c000000| PB 0x000000008c000000| Complete 
| 105|0x000000008c100000, 0x000000008c1d6970, 0x000000008c200000| 83%| S|CS|TAMS 0x000000008c100000| PB 0x000000008c100000| Complete 
| 106|0x000000008c200000, 0x000000008c300000, 0x000000008c300000|100%| E|CS|TAMS 0x000000008c200000| PB 0x000000008c200000| Complete 
| 107|0x000000008c300000, 0x000000008c400000, 0x000000008c400000|100%| E|CS|TAMS 0x000000008c300000| PB 0x000000008c300000| Complete 
| 108|0x000000008c400000, 0x000000008c500000, 0x000000008c500000|100%| E|CS|TAMS 0x000000008c400000| PB 0x000000008c400000| Complete 
| 109|0x000000008c500000, 0x000000008c600000, 0x000000008c600000|100%| E|CS|TAMS 0x000000008c500000| PB 0x000000008c500000| Complete 
| 110|0x000000008c600000, 0x000000008c700000, 0x000000008c700000|100%| E|CS|TAMS 0x000000008c600000| PB 0x000000008c600000| Complete 
| 111|0x000000008c700000, 0x000000008c800000, 0x000000008c800000|100%| E|CS|TAMS 0x000000008c700000| PB 0x000000008c700000| Complete 
| 112|0x000000008c800000, 0x000000008c900000, 0x000000008c900000|100%| E|CS|TAMS 0x000000008c800000| PB 0x000000008c800000| Complete 
| 113|0x000000008c900000, 0x000000008ca00000, 0x000000008ca00000|100%| E|CS|TAMS 0x000000008c900000| PB 0x000000008c900000| Complete 
| 114|0x000000008ca00000, 0x000000008cb00000, 0x000000008cb00000|100%| E|CS|TAMS 0x000000008ca00000| PB 0x000000008ca00000| Complete 
| 115|0x000000008cb00000, 0x000000008cc00000, 0x000000008cc00000|100%| E|CS|TAMS 0x000000008cb00000| PB 0x000000008cb00000| Complete 
| 116|0x000000008cc00000, 0x000000008cd00000, 0x000000008cd00000|100%| E|CS|TAMS 0x000000008cc00000| PB 0x000000008cc00000| Complete 
| 117|0x000000008cd00000, 0x000000008ce00000, 0x000000008ce00000|100%| E|CS|TAMS 0x000000008cd00000| PB 0x000000008cd00000| Complete 
| 118|0x000000008ce00000, 0x000000008cf00000, 0x000000008cf00000|100%| E|CS|TAMS 0x000000008ce00000| PB 0x000000008ce00000| Complete 
| 119|0x000000008cf00000, 0x000000008d000000, 0x000000008d000000|100%| E|CS|TAMS 0x000000008cf00000| PB 0x000000008cf00000| Complete 
| 120|0x000000008d000000, 0x000000008d100000, 0x000000008d100000|100%| E|CS|TAMS 0x000000008d000000| PB 0x000000008d000000| Complete 
| 121|0x000000008d100000, 0x000000008d200000, 0x000000008d200000|100%| E|CS|TAMS 0x000000008d100000| PB 0x000000008d100000| Complete 
| 122|0x000000008d200000, 0x000000008d300000, 0x000000008d300000|100%| E|CS|TAMS 0x000000008d200000| PB 0x000000008d200000| Complete 
| 123|0x000000008d300000, 0x000000008d400000, 0x000000008d400000|100%| E|CS|TAMS 0x000000008d300000| PB 0x000000008d300000| Complete 

Card table byte_map: [0x0000022f30f00000,0x0000022f312e0000] _byte_map_base: 0x0000022f30ad4000

Marking Bits: (CMBitMap*) 0x0000022f1946dff0
 Bits: [0x0000022f312e0000, 0x0000022f33180000)

Polling page: 0x0000022f17280000

Metaspace:

Usage:
  Non-class:     12.22 MB used.
      Class:      1.69 MB used.
       Both:     13.92 MB used.

Virtual space:
  Non-class space:       64.00 MB reserved,      12.31 MB ( 19%) committed,  1 nodes.
      Class space:        1.00 GB reserved,       1.81 MB ( <1%) committed,  1 nodes.
             Both:        1.06 GB reserved,      14.12 MB (  1%) committed. 

Chunk freelists:
   Non-Class:  3.02 MB
       Class:  14.05 MB
        Both:  17.06 MB

MaxMetaspaceSize: unlimited
CompressedClassSpaceSize: 1.00 GB
Initial GC threshold: 21.00 MB
Current GC threshold: 21.00 MB
CDS: on
 - commit_granule_bytes: 65536.
 - commit_granule_words: 8192.
 - virtual_space_node_default_size: 8388608.
 - enlarge_chunks_in_place: 1.
 - use_allocation_guard: 0.


Internal statistics:

num_allocs_failed_limit: 0.
num_arena_births: 142.
num_arena_deaths: 0.
num_vsnodes_births: 2.
num_vsnodes_deaths: 0.
num_space_committed: 226.
num_space_uncommitted: 0.
num_chunks_returned_to_freelist: 0.
num_chunks_taken_from_freelist: 611.
num_chunk_merges: 0.
num_chunk_splits: 428.
num_chunks_enlarged: 351.
num_inconsistent_stats: 0.

CodeHeap 'non-profiled nmethods': size=120000Kb used=1071Kb max_used=1071Kb free=118929Kb
 bounds [0x0000022f295f0000, 0x0000022f29860000, 0x0000022f30b20000]
CodeHeap 'profiled nmethods': size=120000Kb used=5557Kb max_used=5557Kb free=114442Kb
 bounds [0x0000022f21b20000, 0x0000022f22090000, 0x0000022f29050000]
CodeHeap 'non-nmethods': size=5760Kb used=1531Kb max_used=1553Kb free=4228Kb
 bounds [0x0000022f29050000, 0x0000022f292c0000, 0x0000022f295f0000]
CodeCache: size=245760Kb, used=8159Kb, max_used=8181Kb, free=237599Kb
 total_blobs=3294, nmethods=2808, adapters=390, full_count=0
Compilation: enabled, stopped_count=0, restarted_count=0

Compilation events (20 events):
Event: 3.396 Thread 0x0000022f3565bde0 2789       3       java.lang.invoke.MethodHandle::bindTo (19 bytes)
Event: 3.397 Thread 0x0000022f3565bde0 nmethod 2789 0x0000022f22084290 code [0x0000022f220844a0, 0x0000022f22084ab8]
Event: 3.397 Thread 0x0000022f3565bde0 2790       3       java.lang.invoke.MethodType::leadingReferenceParameter (30 bytes)
Event: 3.397 Thread 0x0000022f3565bde0 nmethod 2790 0x0000022f22084d10 code [0x0000022f22084ee0, 0x0000022f220851c0]
Event: 3.397 Thread 0x0000022f3565bde0 2791       3       java.lang.invoke.MethodHandle::bindArgumentL (10 bytes)
Event: 3.397 Thread 0x0000022f3565bde0 nmethod 2791 0x0000022f22085310 code [0x0000022f22085520, 0x0000022f22085ba8]
Event: 3.397 Thread 0x0000022f3565bde0 2793       3       java.util.regex.Pattern$$Lambda/0x0000022f37058d80::is (5 bytes)
Event: 3.397 Thread 0x0000022f3565bde0 nmethod 2793 0x0000022f22085e10 code [0x0000022f22085fc0, 0x0000022f22086218]
Event: 3.397 Thread 0x0000022f3565bde0 2794       3       java.util.regex.Pattern::lambda$DOT$11 (34 bytes)
Event: 3.397 Thread 0x0000022f3565bde0 nmethod 2794 0x0000022f22086310 code [0x0000022f220864c0, 0x0000022f22086698]
Event: 3.400 Thread 0x0000022f3565bde0 2795   !   3       com.google.inject.internal.Initializer$InjectableReference::get (254 bytes)
Event: 3.401 Thread 0x0000022f3565bde0 nmethod 2795 0x0000022f22086710 code [0x0000022f22086aa0, 0x0000022f22087c08]
Event: 3.402 Thread 0x0000022f3565bde0 2796       3       com.google.inject.internal.BindingImpl::getProvider (44 bytes)
Event: 3.403 Thread 0x0000022f3565bde0 nmethod 2796 0x0000022f22088590 code [0x0000022f22088760, 0x0000022f22088a68]
Event: 3.403 Thread 0x0000022f3565bde0 2797       3       com.google.inject.internal.InjectorImpl::getProviderOrThrow (35 bytes)
Event: 3.403 Thread 0x0000022f3565bde0 nmethod 2797 0x0000022f22088b90 code [0x0000022f22088d60, 0x0000022f220891b0]
Event: 3.403 Thread 0x0000022f3565bde0 2798       1       com.google.inject.internal.InternalContext::getDependency (5 bytes)
Event: 3.403 Thread 0x0000022f3565bde0 nmethod 2798 0x0000022f296fac90 code [0x0000022f296fae20, 0x0000022f296faee8]
Event: 3.410 Thread 0x0000022f3565bde0 2799       1       com.google.common.collect.ImmutableMapEntry$NonTerminalImmutableMapEntry::getNextInKeyBucket (5 bytes)
Event: 3.411 Thread 0x0000022f3565bde0 nmethod 2799 0x0000022f296faf90 code [0x0000022f296fb120, 0x0000022f296fb1e8]

GC Heap History (4 events):
Event: 1.663 GC heap before
{Heap before GC invocations=0 (full 0):
 garbage-first heap   total 126976K, used 13312K [0x0000000085800000, 0x0000000100000000)
  region size 1024K, 13 young (13312K), 0 survivors (0K)
 Metaspace       used 3670K, committed 3904K, reserved 1114112K
  class space    used 381K, committed 512K, reserved 1048576K
}
Event: 1.671 GC heap after
{Heap after GC invocations=1 (full 0):
 garbage-first heap   total 126976K, used 3232K [0x0000000085800000, 0x0000000100000000)
  region size 1024K, 2 young (2048K), 2 survivors (2048K)
 Metaspace       used 3670K, committed 3904K, reserved 1114112K
  class space    used 381K, committed 512K, reserved 1048576K
}
Event: 2.123 GC heap before
{Heap before GC invocations=1 (full 0):
 garbage-first heap   total 126976K, used 18592K [0x0000000085800000, 0x0000000100000000)
  region size 1024K, 18 young (18432K), 2 survivors (2048K)
 Metaspace       used 6202K, committed 6400K, reserved 1114112K
  class space    used 740K, committed 832K, reserved 1048576K
}
Event: 2.127 GC heap after
{Heap after GC invocations=2 (full 0):
 garbage-first heap   total 126976K, used 4257K [0x0000000085800000, 0x0000000100000000)
  region size 1024K, 1 young (1024K), 1 survivors (1024K)
 Metaspace       used 6202K, committed 6400K, reserved 1114112K
  class space    used 740K, committed 832K, reserved 1048576K
}

Dll operation events (8 events):
Event: 0.021 Loaded shared library C:\Program Files\Eclipse Adoptium\jdk-21.0.8.9-hotspot\bin\java.dll
Event: 1.067 Loaded shared library C:\Program Files\Eclipse Adoptium\jdk-21.0.8.9-hotspot\bin\jsvml.dll
Event: 1.088 Loaded shared library C:\Program Files\Eclipse Adoptium\jdk-21.0.8.9-hotspot\bin\net.dll
Event: 1.090 Loaded shared library C:\Program Files\Eclipse Adoptium\jdk-21.0.8.9-hotspot\bin\nio.dll
Event: 1.094 Loaded shared library C:\Program Files\Eclipse Adoptium\jdk-21.0.8.9-hotspot\bin\zip.dll
Event: 1.258 Loaded shared library E:\apache-maven-3.9.11-bin\apache-maven-3.9.11\lib\jansi-native\Windows\x86_64\jansi.dll
Event: 1.299 Loaded shared library C:\Program Files\Eclipse Adoptium\jdk-21.0.8.9-hotspot\bin\verify.dll
Event: 1.327 Loaded shared library C:\Program Files\Eclipse Adoptium\jdk-21.0.8.9-hotspot\bin\jimage.dll

Deoptimization events (20 events):
Event: 3.289 Thread 0x0000022f17148a90 Uncommon trap: trap_request=0xffffff45 fr.pc=0x0000022f296c2414 relative=0x0000000000001854
Event: 3.289 Thread 0x0000022f17148a90 Uncommon trap: reason=unstable_if action=reinterpret pc=0x0000022f296c2414 method=jdk.internal.org.objectweb.asm.Frame.execute(IILjdk/internal/org/objectweb/asm/Symbol;Ljdk/internal/org/objectweb/asm/SymbolTable;)V @ 1 c2
Event: 3.289 Thread 0x0000022f17148a90 DEOPT PACKING pc=0x0000022f296c2414 sp=0x000000d9365f9a90
Event: 3.289 Thread 0x0000022f17148a90 DEOPT UNPACKING pc=0x0000022f290a7da2 sp=0x000000d9365f99f8 mode 2
Event: 3.289 Thread 0x0000022f17148a90 Uncommon trap: trap_request=0xffffff45 fr.pc=0x0000022f296b16c8 relative=0x0000000000000308
Event: 3.289 Thread 0x0000022f17148a90 Uncommon trap: reason=unstable_if action=reinterpret pc=0x0000022f296b16c8 method=jdk.internal.org.objectweb.asm.SymbolTable.put(Ljdk/internal/org/objectweb/asm/SymbolTable$Entry;)Ljdk/internal/org/objectweb/asm/SymbolTable$Entry; @ 13 c2
Event: 3.289 Thread 0x0000022f17148a90 DEOPT PACKING pc=0x0000022f296b16c8 sp=0x000000d9365f9730
Event: 3.289 Thread 0x0000022f17148a90 DEOPT UNPACKING pc=0x0000022f290a7da2 sp=0x000000d9365f96b0 mode 2
Event: 3.308 Thread 0x0000022f17148a90 Uncommon trap: trap_request=0xffffff45 fr.pc=0x0000022f296ea23c relative=0x000000000000081c
Event: 3.308 Thread 0x0000022f17148a90 Uncommon trap: reason=unstable_if action=reinterpret pc=0x0000022f296ea23c method=org.eclipse.sisu.inject.InjectorBindings.isAssignableFrom(Lcom/google/inject/TypeLiteral;Lcom/google/inject/Binding;)Z @ 15 c2
Event: 3.308 Thread 0x0000022f17148a90 DEOPT PACKING pc=0x0000022f296ea23c sp=0x000000d9365fdda0
Event: 3.308 Thread 0x0000022f17148a90 DEOPT UNPACKING pc=0x0000022f290a7da2 sp=0x000000d9365fdd60 mode 2
Event: 3.326 Thread 0x0000022f17148a90 Uncommon trap: trap_request=0xffffff45 fr.pc=0x0000022f2964f808 relative=0x0000000000000888
Event: 3.326 Thread 0x0000022f17148a90 Uncommon trap: reason=unstable_if action=reinterpret pc=0x0000022f2964f808 method=sun.nio.cs.StreamDecoder.implRead([CII)I @ 36 c2
Event: 3.326 Thread 0x0000022f17148a90 DEOPT PACKING pc=0x0000022f2964f808 sp=0x000000d9365fe870
Event: 3.326 Thread 0x0000022f17148a90 DEOPT UNPACKING pc=0x0000022f290a7da2 sp=0x000000d9365fe830 mode 2
Event: 3.327 Thread 0x0000022f17148a90 Uncommon trap: trap_request=0x00000259 fr.pc=0x0000022f29649800 relative=0x00000000000000e0
Event: 3.327 Thread 0x0000022f17148a90 Uncommon trap: reason=unloaded action=reinterpret pc=0x0000022f29649800 method=org.codehaus.plexus.util.xml.pull.MXParser.more()C @ 22 c2
Event: 3.327 Thread 0x0000022f17148a90 DEOPT PACKING pc=0x0000022f29649800 sp=0x000000d9365fec20
Event: 3.327 Thread 0x0000022f17148a90 DEOPT UNPACKING pc=0x0000022f290a7da2 sp=0x000000d9365febc0 mode 2

Classes loaded (20 events):
Event: 3.391 Loading class jdk/internal/misc/ThreadTracker
Event: 3.392 Loading class jdk/internal/misc/ThreadTracker done
Event: 3.392 Loading class jdk/internal/misc/ThreadTracker$ThreadRef
Event: 3.392 Loading class jdk/internal/misc/ThreadTracker$ThreadRef done
Event: 3.392 Loading class java/net/URL$2
Event: 3.392 Loading class java/net/URL$2 done
Event: 3.392 Loading class java/net/URL$1
Event: 3.392 Loading class java/net/URL$1 done
Event: 3.392 Loading class java/net/spi/URLStreamHandlerProvider
Event: 3.393 Loading class java/net/spi/URLStreamHandlerProvider done
Event: 3.393 Loading class sun/net/www/protocol/https/Handler
Event: 3.393 Loading class sun/net/www/protocol/http/Handler
Event: 3.394 Loading class sun/net/www/protocol/http/Handler done
Event: 3.394 Loading class sun/net/www/protocol/https/Handler done
Event: 3.396 Loading class java/util/regex/Pattern$Pos
Event: 3.397 Loading class java/util/regex/Pattern$Pos done
Event: 3.403 Loading class java/util/ArrayList$SubList$1
Event: 3.403 Loading class java/util/ArrayList$SubList$1 done
Event: 3.409 Loading class java/util/concurrent/atomic/AtomicReference
Event: 3.410 Loading class java/util/concurrent/atomic/AtomicReference done

Classes unloaded (0 events):
No events

Classes redefined (0 events):
No events

Internal exceptions (20 events):
Event: 1.765 Thread 0x0000022f17148a90 Exception <a 'java/lang/NoSuchMethodError'{0x000000008d114130}: 'java.lang.Object java.lang.invoke.DirectMethodHandle$Holder.invokeInterface(java.lang.Object, java.lang.Object)'> (0x000000008d114130) 
thrown [s\src\hotspot\share\interpreter\linkResolver.cpp, line 773]
Event: 1.787 Thread 0x0000022f17148a90 Exception <a 'java/lang/NoSuchMethodError'{0x000000008d1b7580}: 'int java.lang.invoke.DirectMethodHandle$Holder.invokeStatic(java.lang.Object, java.lang.Object, java.lang.Object, java.lang.Object)'> (0x000000008d1b7580) 
thrown [s\src\hotspot\share\interpreter\linkResolver.cpp, line 773]
Event: 1.787 Thread 0x0000022f17148a90 Exception <a 'java/lang/NoSuchMethodError'{0x000000008d1bac50}: 'java.lang.Object java.lang.invoke.Invokers$Holder.invokeExact_MT(java.lang.Object, java.lang.Object, java.lang.Object, java.lang.Object, java.lang.Object, java.lang.Object)'> (0x000000008d1bac50) 
thrown [s\src\hotspot\share\interpreter\linkResolver.cpp, line 773]
Event: 1.789 Thread 0x0000022f17148a90 Exception <a 'java/lang/NoSuchMethodError'{0x000000008d1c97b0}: 'int java.lang.invoke.DirectMethodHandle$Holder.invokeSpecialIFC(java.lang.Object, java.lang.Object, java.lang.Object, java.lang.Object, java.lang.Object)'> (0x000000008d1c97b0) 
thrown [s\src\hotspot\share\interpreter\linkResolver.cpp, line 773]
Event: 1.849 Thread 0x0000022f17148a90 Exception <a 'java/lang/NoSuchMethodError'{0x000000008cf6b450}: 'java.lang.Object java.lang.invoke.DirectMethodHandle$Holder.newInvokeSpecial(java.lang.Object, java.lang.Object, java.lang.Object, java.lang.Object, java.lang.Object)'> (0x000000008cf6b450) 
thrown [s\src\hotspot\share\interpreter\linkResolver.cpp, line 773]
Event: 1.886 Thread 0x0000022f17148a90 Exception <a 'java/lang/NoSuchMethodError'{0x000000008ce8a980}: 'int java.lang.invoke.DirectMethodHandle$Holder.invokeStaticInit(java.lang.Object, java.lang.Object)'> (0x000000008ce8a980) 
thrown [s\src\hotspot\share\interpreter\linkResolver.cpp, line 773]
Event: 1.894 Thread 0x0000022f17148a90 Exception <a 'java/lang/NoClassDefFoundError'{0x000000008cec26e0}: javax/enterprise/inject/Typed> (0x000000008cec26e0) 
thrown [s\src\hotspot\share\classfile\systemDictionary.cpp, line 301]
Event: 2.668 Thread 0x0000022f17148a90 Exception <a 'java/lang/NoSuchMethodError'{0x000000008b724d08}: 'void java.lang.invoke.DirectMethodHandle$Holder.invokeStaticInit(java.lang.Object, java.lang.Object, java.lang.Object)'> (0x000000008b724d08) 
thrown [s\src\hotspot\share\interpreter\linkResolver.cpp, line 773]
Event: 2.674 Thread 0x0000022f17148a90 Exception <a 'java/lang/ExceptionInInitializerError'{0x000000008b752d70}> (0x000000008b752d70) 
thrown [s\src\hotspot\share\oops\instanceKlass.cpp, line 1220]
Event: 2.692 Thread 0x0000022f17148a90 Exception <a 'java/lang/NoSuchMethodError'{0x000000008b7bda48}: 'long java.lang.invoke.DirectMethodHandle$Holder.invokeStatic(java.lang.Object, java.lang.Object, int)'> (0x000000008b7bda48) 
thrown [s\src\hotspot\share\interpreter\linkResolver.cpp, line 773]
Event: 2.693 Thread 0x0000022f17148a90 Exception <a 'java/lang/NoSuchMethodError'{0x000000008b7d0fa0}: 'java.lang.Object java.lang.invoke.DirectMethodHandle$Holder.invokeStatic(java.lang.Object, java.lang.Object, java.lang.Object, java.lang.Object, int)'> (0x000000008b7d0fa0) 
thrown [s\src\hotspot\share\interpreter\linkResolver.cpp, line 773]
Event: 2.694 Thread 0x0000022f17148a90 Exception <a 'java/lang/NoSuchMethodError'{0x000000008b7d9178}: 'java.lang.Object java.lang.invoke.DirectMethodHandle$Holder.invokeSpecial(java.lang.Object, java.lang.Object, java.lang.Object, java.lang.Object, long)'> (0x000000008b7d9178) 
thrown [s\src\hotspot\share\interpreter\linkResolver.cpp, line 773]
Event: 2.695 Thread 0x0000022f17148a90 Exception <a 'java/lang/NoSuchMethodError'{0x000000008b7e4f78}: 'java.lang.Object java.lang.invoke.DirectMethodHandle$Holder.invokeSpecial(java.lang.Object, java.lang.Object, java.lang.Object, int, java.lang.Object)'> (0x000000008b7e4f78) 
thrown [s\src\hotspot\share\interpreter\linkResolver.cpp, line 773]
Event: 2.696 Thread 0x0000022f17148a90 Exception <a 'java/lang/NoSuchMethodError'{0x000000008b7ed2c8}: 'int java.lang.invoke.DirectMethodHandle$Holder.invokeSpecial(java.lang.Object, java.lang.Object, java.lang.Object, int)'> (0x000000008b7ed2c8) 
thrown [s\src\hotspot\share\interpreter\linkResolver.cpp, line 773]
Event: 2.700 Thread 0x0000022f17148a90 Implicit null exception at 0x0000022f2967e7da to 0x0000022f2967e9d4
Event: 2.702 Thread 0x0000022f17148a90 Exception <a 'java/lang/NoSuchMethodError'{0x000000008b612220}: 'java.lang.Object java.lang.invoke.Invokers$Holder.invokeExact_MT(java.lang.Object, int, java.lang.Object)'> (0x000000008b612220) 
thrown [s\src\hotspot\share\interpreter\linkResolver.cpp, line 773]
Event: 3.103 Thread 0x0000022f17148a90 Exception <a 'java/lang/NoSuchMethodError'{0x000000008ae36be8}: 'void java.lang.invoke.Invokers$Holder.invokeExact_MT(java.lang.Object, java.lang.Object, java.lang.Object, java.lang.Object)'> (0x000000008ae36be8) 
thrown [s\src\hotspot\share\interpreter\linkResolver.cpp, line 773]
Event: 3.125 Thread 0x0000022f17148a90 Exception <a 'java/lang/NoClassDefFoundError'{0x000000008aec56b8}: com/google/inject/servlet/ServletModuleTargetVisitor> (0x000000008aec56b8) 
thrown [s\src\hotspot\share\classfile\systemDictionary.cpp, line 301]
Event: 3.213 Thread 0x0000022f17148a90 Exception <a 'java/lang/NoSuchMethodError'{0x000000008ac8e3e8}: 'void java.lang.invoke.DirectMethodHandle$Holder.invokeVirtual(java.lang.Object, java.lang.Object)'> (0x000000008ac8e3e8) 
thrown [s\src\hotspot\share\interpreter\linkResolver.cpp, line 773]
Event: 3.271 Thread 0x0000022f17148a90 Exception <a 'java/lang/NoSuchMethodError'{0x000000008ab0eb00}: 'java.lang.Object java.lang.invoke.DirectMethodHandle$Holder.invokeStaticInit(java.lang.Object, int, int, int, int)'> (0x000000008ab0eb00) 
thrown [s\src\hotspot\share\interpreter\linkResolver.cpp, line 773]

ZGC Phase Switch (0 events):
No events

VM Operations (20 events):
Event: 2.683 Executing VM operation: HandshakeAllThreads (Deoptimize)
Event: 2.683 Executing VM operation: HandshakeAllThreads (Deoptimize) done
Event: 2.748 Executing VM operation: HandshakeAllThreads (Deoptimize)
Event: 2.749 Executing VM operation: HandshakeAllThreads (Deoptimize) done
Event: 2.753 Executing VM operation: HandshakeAllThreads (Deoptimize)
Event: 2.753 Executing VM operation: HandshakeAllThreads (Deoptimize) done
Event: 2.821 Executing VM operation: HandshakeAllThreads (Deoptimize)
Event: 2.821 Executing VM operation: HandshakeAllThreads (Deoptimize) done
Event: 3.091 Executing VM operation: ICBufferFull
Event: 3.091 Executing VM operation: ICBufferFull done
Event: 3.095 Executing VM operation: HandshakeAllThreads (Deoptimize)
Event: 3.095 Executing VM operation: HandshakeAllThreads (Deoptimize) done
Event: 3.229 Executing VM operation: HandshakeAllThreads (Deoptimize)
Event: 3.229 Executing VM operation: HandshakeAllThreads (Deoptimize) done
Event: 3.288 Executing VM operation: HandshakeAllThreads (Deoptimize)
Event: 3.288 Executing VM operation: HandshakeAllThreads (Deoptimize) done
Event: 3.328 Executing VM operation: HandshakeAllThreads (Deoptimize)
Event: 3.328 Executing VM operation: HandshakeAllThreads (Deoptimize) done
Event: 3.394 Executing VM operation: HandshakeAllThreads (Deoptimize)
Event: 3.394 Executing VM operation: HandshakeAllThreads (Deoptimize) done

Memory protections (0 events):
No events

Nmethod flushes (0 events):
No events

Events (17 events):
Event: 1.052 Thread 0x0000022f17148a90 Thread added: 0x0000022f17148a90
Event: 1.064 Thread 0x0000022f17148a90 Thread added: 0x0000022f35640ae0
Event: 1.064 Thread 0x0000022f17148a90 Thread added: 0x0000022f35642630
Event: 1.064 Thread 0x0000022f17148a90 Thread added: 0x0000022f356480e0
Event: 1.064 Thread 0x0000022f17148a90 Thread added: 0x0000022f35648e80
Event: 1.064 Thread 0x0000022f17148a90 Thread added: 0x0000022f3564b1e0
Event: 1.064 Thread 0x0000022f17148a90 Thread added: 0x0000022f3564cb70
Event: 1.065 Thread 0x0000022f17148a90 Thread added: 0x0000022f35650c10
Event: 1.065 Thread 0x0000022f17148a90 Thread added: 0x0000022f3565bde0
Event: 1.081 Thread 0x0000022f17148a90 Thread added: 0x0000022f357a0040
Event: 1.083 Thread 0x0000022f17148a90 Thread added: 0x0000022f357acca0
Event: 1.253 Thread 0x0000022f17148a90 Thread added: 0x0000022f359e5990
Event: 1.379 Thread 0x0000022f359e5990 Thread exited: 0x0000022f359e5990
Event: 1.930 Thread 0x0000022f3565bde0 Thread added: 0x0000022f7ba3e010
Event: 3.029 Thread 0x0000022f7ba3e010 Thread exited: 0x0000022f7ba3e010
Event: 3.110 Thread 0x0000022f3565bde0 Thread added: 0x0000022f7bc002f0
Event: 3.350 Thread 0x0000022f17148a90 Thread added: 0x0000022f7bb6e4b0


Dynamic libraries:
0x00007ff6837f0000 - 0x00007ff6837fe000 	C:\Program Files\Eclipse Adoptium\jdk-21.0.8.9-hotspot\bin\java.exe
0x00007ffa59d00000 - 0x00007ffa59f67000 	C:\WINDOWS\SYSTEM32\ntdll.dll
0x00007ffa58770000 - 0x00007ffa58839000 	C:\WINDOWS\System32\KERNEL32.DLL
0x00007ffa56c30000 - 0x00007ffa57021000 	C:\WINDOWS\System32\KERNELBASE.dll
0x00007ffa56750000 - 0x00007ffa5689b000 	C:\WINDOWS\System32\ucrtbase.dll
0x00007ffa43ea0000 - 0x00007ffa43ebe000 	C:\Program Files\Eclipse Adoptium\jdk-21.0.8.9-hotspot\bin\VCRUNTIME140.dll
0x00007ffa51570000 - 0x00007ffa51588000 	C:\Program Files\Eclipse Adoptium\jdk-21.0.8.9-hotspot\bin\jli.dll
0x00007ffa59040000 - 0x00007ffa59205000 	C:\WINDOWS\System32\USER32.dll
0x00007ffa56a80000 - 0x00007ffa56aa7000 	C:\WINDOWS\System32\win32u.dll
0x00007ffa59380000 - 0x00007ffa593ab000 	C:\WINDOWS\System32\GDI32.dll
0x00007ffa568a0000 - 0x00007ffa569cb000 	C:\WINDOWS\System32\gdi32full.dll
0x00007ffa3c000000 - 0x00007ffa3c293000 	C:\WINDOWS\WinSxS\amd64_microsoft.windows.common-controls_6595b64144ccf1df_6.0.26100.8037_none_3e092faae333b53b\COMCTL32.dll
0x00007ffa59a70000 - 0x00007ffa59b19000 	C:\WINDOWS\System32\msvcrt.dll
0x00007ffa565e0000 - 0x00007ffa56683000 	C:\WINDOWS\System32\msvcp_win.dll
0x00007ffa592b0000 - 0x00007ffa592e1000 	C:\WINDOWS\System32\IMM32.DLL
0x00007ffa43f00000 - 0x00007ffa43f0c000 	C:\Program Files\Eclipse Adoptium\jdk-21.0.8.9-hotspot\bin\vcruntime140_1.dll
0x00007ff9cb560000 - 0x00007ff9cb5ed000 	C:\Program Files\Eclipse Adoptium\jdk-21.0.8.9-hotspot\bin\msvcp140.dll
0x00007ff9c1540000 - 0x00007ff9c22d7000 	C:\Program Files\Eclipse Adoptium\jdk-21.0.8.9-hotspot\bin\server\jvm.dll
0x00007ffa57dc0000 - 0x00007ffa57e7b000 	C:\WINDOWS\System32\ADVAPI32.dll
0x00007ffa585c0000 - 0x00007ffa58667000 	C:\WINDOWS\System32\sechost.dll
0x00007ffa593b0000 - 0x00007ffa594c8000 	C:\WINDOWS\System32\RPCRT4.dll
0x00007ffa58540000 - 0x00007ffa585b4000 	C:\WINDOWS\System32\WS2_32.dll
0x00007ffa56460000 - 0x00007ffa564be000 	C:\WINDOWS\SYSTEM32\POWRPROF.dll
0x00007ffa44680000 - 0x00007ffa4468b000 	C:\WINDOWS\SYSTEM32\VERSION.dll
0x00007ffa4ebc0000 - 0x00007ffa4ebf5000 	C:\WINDOWS\SYSTEM32\WINMM.dll
0x00007ffa56440000 - 0x00007ffa56454000 	C:\WINDOWS\SYSTEM32\UMPDC.dll
0x00007ffa55350000 - 0x00007ffa5536b000 	C:\WINDOWS\SYSTEM32\kernel.appcore.dll
0x00007ffa0b5a0000 - 0x00007ffa0b5aa000 	C:\Program Files\Eclipse Adoptium\jdk-21.0.8.9-hotspot\bin\jimage.dll
0x00007ffa543d0000 - 0x00007ffa54612000 	C:\WINDOWS\SYSTEM32\DBGHELP.DLL
0x00007ffa594d0000 - 0x00007ffa59852000 	C:\WINDOWS\System32\combase.dll
0x00007ffa58460000 - 0x00007ffa58537000 	C:\WINDOWS\System32\OLEAUT32.dll
0x00007ffa31950000 - 0x00007ffa3198b000 	C:\WINDOWS\SYSTEM32\dbgcore.DLL
0x00007ffa569d0000 - 0x00007ffa56a75000 	C:\WINDOWS\System32\bcryptPrimitives.dll
0x00007ffa1c210000 - 0x00007ffa1c22f000 	C:\Program Files\Eclipse Adoptium\jdk-21.0.8.9-hotspot\bin\java.dll
0x00007ffa58840000 - 0x00007ffa58f9f000 	C:\WINDOWS\System32\SHELL32.dll
0x00007ffa570c0000 - 0x00007ffa5722a000 	C:\WINDOWS\System32\wintypes.dll
0x00007ffa57230000 - 0x00007ffa57a94000 	C:\WINDOWS\System32\windows.storage.dll
0x00007ffa58670000 - 0x00007ffa58767000 	C:\WINDOWS\System32\SHCORE.dll
0x00007ffa57ab0000 - 0x00007ffa57b17000 	C:\WINDOWS\System32\shlwapi.dll
0x00007ffa56500000 - 0x00007ffa56529000 	C:\WINDOWS\SYSTEM32\profapi.dll
0x00007ff9d38d0000 - 0x00007ff9d39a7000 	C:\Program Files\Eclipse Adoptium\jdk-21.0.8.9-hotspot\bin\jsvml.dll
0x00007ff9e9700000 - 0x00007ff9e9710000 	C:\Program Files\Eclipse Adoptium\jdk-21.0.8.9-hotspot\bin\net.dll
0x00007ffa4a160000 - 0x00007ffa4a287000 	C:\WINDOWS\SYSTEM32\WINHTTP.dll
0x00007ffa558e0000 - 0x00007ffa5594b000 	C:\WINDOWS\system32\mswsock.dll
0x00007ff9e96e0000 - 0x00007ff9e96f6000 	C:\Program Files\Eclipse Adoptium\jdk-21.0.8.9-hotspot\bin\nio.dll
0x00007ff9d38b0000 - 0x00007ff9d38c8000 	C:\Program Files\Eclipse Adoptium\jdk-21.0.8.9-hotspot\bin\zip.dll
0x00007ffa46450000 - 0x00007ffa46474000 	E:\apache-maven-3.9.11-bin\apache-maven-3.9.11\lib\jansi-native\Windows\x86_64\jansi.dll
0x00007ff9e5a60000 - 0x00007ff9e5a70000 	C:\Program Files\Eclipse Adoptium\jdk-21.0.8.9-hotspot\bin\verify.dll

JVMTI agents: none

dbghelp: loaded successfully - version: 4.0.5 - missing functions: none
symbol engine: initialized successfully - sym options: 0x614 - pdb path: .;C:\Program Files\Eclipse Adoptium\jdk-21.0.8.9-hotspot\bin;C:\WINDOWS\SYSTEM32;C:\WINDOWS\WinSxS\amd64_microsoft.windows.common-controls_6595b64144ccf1df_6.0.26100.8037_none_3e092faae333b53b;C:\Program Files\Eclipse Adoptium\jdk-21.0.8.9-hotspot\bin\server;E:\apache-maven-3.9.11-bin\apache-maven-3.9.11\lib\jansi-native\Windows\x86_64

VM Arguments:
jvm_args: --enable-native-access=ALL-UNNAMED -Dclassworlds.conf=E:\apache-maven-3.9.11-bin\apache-maven-3.9.11\bin\m2.conf -Dmaven.home=E:\apache-maven-3.9.11-bin\apache-maven-3.9.11 -Dlibrary.jansi.path=E:\apache-maven-3.9.11-bin\apache-maven-3.9.11\lib\jansi-native -Dmaven.multiModuleProjectDirectory=E:\SKILL_SYNC-SPRING\group-service 
java_command: org.codehaus.plexus.classworlds.launcher.Launcher spring-boot:run
java_class_path (initial): E:\apache-maven-3.9.11-bin\apache-maven-3.9.11\boot\plexus-classworlds-2.9.0.jar
Launcher Type: SUN_STANDARD

[Global flags]
     intx CICompilerCount                          = 3                                         {product} {ergonomic}
     uint ConcGCThreads                            = 1                                         {product} {ergonomic}
     uint G1ConcRefinementThreads                  = 4                                         {product} {ergonomic}
   size_t G1HeapRegionSize                         = 1048576                                   {product} {ergonomic}
    uintx GCDrainStackTargetSize                   = 64                                        {product} {ergonomic}
   size_t InitialHeapSize                          = 130023424                                 {product} {ergonomic}
   size_t MarkStackSize                            = 4194304                                   {product} {ergonomic}
   size_t MaxHeapSize                              = 2055208960                                {product} {ergonomic}
   size_t MaxNewSize                               = 1233125376                                {product} {ergonomic}
   size_t MinHeapDeltaBytes                        = 1048576                                   {product} {ergonomic}
   size_t MinHeapSize                              = 8388608                                   {product} {ergonomic}
    uintx NonNMethodCodeHeapSize                   = 5832780                                {pd product} {ergonomic}
    uintx NonProfiledCodeHeapSize                  = 122912730                              {pd product} {ergonomic}
    uintx ProfiledCodeHeapSize                     = 122912730                              {pd product} {ergonomic}
    uintx ReservedCodeCacheSize                    = 251658240                              {pd product} {ergonomic}
     bool SegmentedCodeCache                       = true                                      {product} {ergonomic}
   size_t SoftMaxHeapSize                          = 2055208960                             {manageable} {ergonomic}
     bool UseCompressedOops                        = true                           {product lp64_product} {ergonomic}
     bool UseG1GC                                  = true                                      {product} {ergonomic}
     bool UseLargePagesIndividualAllocation        = false                                  {pd product} {ergonomic}

Logging:
Log output configuration:
 #0: stdout all=warning uptime,level,tags foldmultilines=false
 #1: stderr all=off uptime,level,tags foldmultilines=false

Environment Variables:
JAVA_HOME=C:\Program Files\Eclipse Adoptium\jdk-21.0.8.9-hotspot\
PATH=E:\oracle\product\10.2.0\db_1\bin;C:\Program Files\Eclipse Adoptium\jdk-21.0.8.9-hotspot\bin;C:\Program Files (x86)\VMware\VMware Workstation\bin\;C:\WINDOWS\system32;C:\WINDOWS;C:\WINDOWS\System32\Wbem;C:\WINDOWS\System32\WindowsPowerShell\v1.0\;C:\WINDOWS\System32\OpenSSH\;C:\MinGW\bin;C:\Program Files\nodejs\;E:\apache-maven-3.9.11-bin\apache-maven-3.9.11\bin;E:\Git\cmd;E:\Git\bin;C:\Program Files\Docker\Docker\resources\bin;C:\Users\HP\AppData\Local\Programs\Python\Python310\Scripts\;C:\Users\HP\AppData\Local\Programs\Python\Python310\;C:\Users\HP\AppData\Local\Programs\Python\Python313\Scripts\;C:\Users\HP\AppData\Local\Programs\Python\Python313\;C:\Users\HP\AppData\Local\Programs\Python\Launcher\;C:\Users\HP\AppData\Local\Microsoft\WindowsApps;C:\Users\HP\AppData\Local\Programs\Microsoft VS Code\bin;C:\Users\HP\AppData\Roaming\npm;C:\Program Files (x86)\MongoDB Atlas CLI\;E:\apache-maven-3.9.11-bin\apache-maven-3.9.11\bin;E:\Git\bin;E:\Git\cmd;E:\Antigravity\Antigravity\bin;c:\Users\HP\.antigravity\extensions\vscjava.vscode-java-debug-0.58.5-universal\bundled\scripts\noConfigScripts
USERNAME=HP
LANG=en_US.UTF-8
OS=Windows_NT
PROCESSOR_IDENTIFIER=Intel64 Family 6 Model 140 Stepping 1, GenuineIntel
TMP=E:\temp
TEMP=E:\temp




Periodic native trim disabled

---------------  S Y S T E M  ---------------

OS:
 Windows 11 , 64 bit Build 26100 (10.0.26100.7920)
OS uptime: 0 days 4:13 hours
Hyper-V role detected

CPU: total 4 (initial active 4) (2 cores per cpu, 2 threads per core) family 6 model 140 stepping 1 microcode 0xb4, cx8, cmov, fxsr, ht, mmx, 3dnowpref, sse, sse2, sse3, ssse3, sse4.1, sse4.2, popcnt, lzcnt, tsc, tscinvbit, avx, avx2, aes, erms, clmul, bmi1, bmi2, adx, avx512f, avx512dq, avx512cd, avx512bw, avx512vl, sha, fma, vzeroupper, avx512_vpopcntdq, avx512_vpclmulqdq, avx512_vaes, avx512_vnni, clflush, clflushopt, clwb, avx512_vbmi2, avx512_vbmi, hv, rdtscp, rdpid, fsrm, gfni, avx512_bitalg, f16c, cet_ibt, cet_ss, avx512_ifma
Processor Information for the first 4 processors :
  Max Mhz: 2901, Current Mhz: 2901, Mhz Limit: 2901

Memory: 4k page, system-wide physical 7834M (598M free)
TotalPageFile size 31386M (AvailPageFile size 23M)
current process WorkingSet (physical memory assigned to process): 127M, peak: 127M
current process commit charge ("private bytes"): 234M, peak: 234M

vm_info: OpenJDK 64-Bit Server VM (21.0.8+9-LTS) for windows-amd64 JRE (21.0.8+9-LTS), built on 2025-07-15T00:00:00Z by "admin" with MS VC++ 17.7 (VS2022)

END.
