#
# There is insufficient memory for the Java Runtime Environment to continue.
# Native memory allocation (malloc) failed to allocate 32744 bytes. Error detail: Chunk::new
# Possible reasons:
#   The system is out of physical RAM or swap space
#   This process is running with CompressedOops enabled, and the Java Heap may be blocking the growth of the native heap
# Possible solutions:
#   Reduce memory load on the system
#   Increase physical memory or swap space
#   Check if swap backing store is full
#   Decrease Java heap size (-Xmx/-Xms)
#   Decrease number of Java threads
#   Decrease Java thread stack sizes (-Xss)
#   Set larger code cache with -XX:ReservedCodeCacheSize=
#   JVM is running with Unscaled Compressed Oops mode in which the Java heap is
#     placed in the first 4GB address space. The Java Heap base address is the
#     maximum limit for the native heap growth. Please use -XX:HeapBaseMinAddress
#     to set the Java Heap base and to place the Java Heap above 4GB virtual address.
# This output file may be truncated or incomplete.
#
#  Out of Memory Error (arena.cpp:168), pid=29228, tid=21548
#
# JRE version: OpenJDK Runtime Environment Temurin-21.0.8+9 (21.0.8+9) (build 21.0.8+9-LTS)
# Java VM: OpenJDK 64-Bit Server VM Temurin-21.0.8+9 (21.0.8+9-LTS, mixed mode, sharing, tiered, compressed oops, compressed class ptrs, g1 gc, windows-amd64)
# No core dump will be written. Minidumps are not enabled by default on client versions of Windows
#

---------------  S U M M A R Y ------------

Command Line: --enable-native-access=ALL-UNNAMED -Dclassworlds.conf=E:\apache-maven-3.9.11-bin\apache-maven-3.9.11\bin\m2.conf -Dmaven.home=E:\apache-maven-3.9.11-bin\apache-maven-3.9.11 -Dlibrary.jansi.path=E:\apache-maven-3.9.11-bin\apache-maven-3.9.11\lib\jansi-native -Dmaven.multiModuleProjectDirectory=E:\SKILL_SYNC-SPRING\group-service org.codehaus.plexus.classworlds.launcher.Launcher spring-boot:run

Host: 11th Gen Intel(R) Core(TM) i3-1115G4 @ 3.00GHz, 4 cores, 7G,  Windows 11 , 64 bit Build 26100 (10.0.26100.7920)
Time: Wed Mar 25 16:17:02 2026 India Standard Time elapsed time: 3.980068 seconds (0d 0h 0m 3s)

---------------  T H R E A D  ---------------

Current thread (0x000001d22ba28cb0):  JavaThread "C2 CompilerThread0" daemon [_thread_in_native, id=21548, stack(0x000000cd1e300000,0x000000cd1e400000) (1024K)]


Current CompileTask:
C2:3980 4101       4       java.util.Collections$UnmodifiableMap$UnmodifiableEntrySet$1::next (5 bytes)

Stack: [0x000000cd1e300000,0x000000cd1e400000]
Native frames: (J=compiled Java code, j=interpreted, Vv=VM code, C=native code)
V  [jvm.dll+0x6d2449]
V  [jvm.dll+0x8ae341]
V  [jvm.dll+0x8b08be]
V  [jvm.dll+0x8b0fa3]
V  [jvm.dll+0x280c96]
V  [jvm.dll+0xc581d]
V  [jvm.dll+0xc5d53]
V  [jvm.dll+0x5da767]
V  [jvm.dll+0x1e1229]
V  [jvm.dll+0x249022]
V  [jvm.dll+0x2484af]
V  [jvm.dll+0x1c89ee]
V  [jvm.dll+0x257d4d]
V  [jvm.dll+0x2562ea]
V  [jvm.dll+0x3f2d16]
V  [jvm.dll+0x857e6b]
V  [jvm.dll+0x6d0b0d]
C  [ucrtbase.dll+0x37b0]
C  [KERNEL32.DLL+0x2e8d7]
C  [ntdll.dll+0x8c48c]


---------------  P R O C E S S  ---------------

Threads class SMR info:
_java_thread_list=0x000001d2722a06c0, length=13, elements={
0x000001d20d417f90, 0x000001d22ba12540, 0x000001d22ba15090, 0x000001d22ba18b50,
0x000001d22ba19da0, 0x000001d22ba1b960, 0x000001d22ba1e210, 0x000001d22ba28cb0,
0x000001d22ba2d210, 0x000001d22bb9c640, 0x000001d22bba7e90, 0x000001d2716ee8e0,
0x000001d2722ae3a0
}

Java Threads: ( => current thread )
  0x000001d20d417f90 JavaThread "main"                              [_thread_in_native, id=22828, stack(0x000000cd1d500000,0x000000cd1d600000) (1024K)]
  0x000001d22ba12540 JavaThread "Reference Handler"          daemon [_thread_blocked, id=28996, stack(0x000000cd1dd00000,0x000000cd1de00000) (1024K)]
  0x000001d22ba15090 JavaThread "Finalizer"                  daemon [_thread_blocked, id=23780, stack(0x000000cd1de00000,0x000000cd1df00000) (1024K)]
  0x000001d22ba18b50 JavaThread "Signal Dispatcher"          daemon [_thread_blocked, id=7660, stack(0x000000cd1df00000,0x000000cd1e000000) (1024K)]
  0x000001d22ba19da0 JavaThread "Attach Listener"            daemon [_thread_blocked, id=23392, stack(0x000000cd1e000000,0x000000cd1e100000) (1024K)]
  0x000001d22ba1b960 JavaThread "Service Thread"             daemon [_thread_blocked, id=2064, stack(0x000000cd1e100000,0x000000cd1e200000) (1024K)]
  0x000001d22ba1e210 JavaThread "Monitor Deflation Thread"   daemon [_thread_blocked, id=17040, stack(0x000000cd1e200000,0x000000cd1e300000) (1024K)]
=>0x000001d22ba28cb0 JavaThread "C2 CompilerThread0"         daemon [_thread_in_native, id=21548, stack(0x000000cd1e300000,0x000000cd1e400000) (1024K)]
  0x000001d22ba2d210 JavaThread "C1 CompilerThread0"         daemon [_thread_blocked, id=23420, stack(0x000000cd1e400000,0x000000cd1e500000) (1024K)]
  0x000001d22bb9c640 JavaThread "Notification Thread"        daemon [_thread_blocked, id=20564, stack(0x000000cd1e500000,0x000000cd1e600000) (1024K)]
  0x000001d22bba7e90 JavaThread "Common-Cleaner"             daemon [_thread_blocked, id=21196, stack(0x000000cd1e600000,0x000000cd1e700000) (1024K)]
  0x000001d2716ee8e0 JavaThread "C2 CompilerThread1"         daemon [_thread_blocked, id=12092, stack(0x000000cd1ea00000,0x000000cd1eb00000) (1024K)]
  0x000001d2722ae3a0 JavaThread "Thread-1"                   daemon [_thread_blocked, id=21836, stack(0x000000cd1eb00000,0x000000cd1ec00000) (1024K)]
Total: 13

Other Threads:
  0x000001d22b9f1f30 VMThread "VM Thread"                           [id=28992, stack(0x000000cd1dc00000,0x000000cd1dd00000) (1024K)]
  0x000001d22b9e13a0 WatcherThread "VM Periodic Task Thread"        [id=23292, stack(0x000000cd1db00000,0x000000cd1dc00000) (1024K)]
  0x000001d20f83c7e0 WorkerThread "GC Thread#0"                     [id=27260, stack(0x000000cd1d600000,0x000000cd1d700000) (1024K)]
  0x000001d27144a860 WorkerThread "GC Thread#1"                     [id=1440, stack(0x000000cd1e700000,0x000000cd1e800000) (1024K)]
  0x000001d2712a2630 WorkerThread "GC Thread#2"                     [id=10208, stack(0x000000cd1e800000,0x000000cd1e900000) (1024K)]
  0x000001d27129c7d0 WorkerThread "GC Thread#3"                     [id=15104, stack(0x000000cd1e900000,0x000000cd1ea00000) (1024K)]
  0x000001d20f84db40 ConcurrentGCThread "G1 Main Marker"            [id=10768, stack(0x000000cd1d700000,0x000000cd1d800000) (1024K)]
  0x000001d20f84ede0 WorkerThread "G1 Conc#0"                       [id=4020, stack(0x000000cd1d800000,0x000000cd1d900000) (1024K)]
  0x000001d22b8b34e0 ConcurrentGCThread "G1 Refine#0"               [id=28720, stack(0x000000cd1d900000,0x000000cd1da00000) (1024K)]
  0x000001d20f8ae200 ConcurrentGCThread "G1 Service"                [id=18428, stack(0x000000cd1da00000,0x000000cd1db00000) (1024K)]
Total: 10

Threads with active compile tasks:
C2 CompilerThread0  4002 4101       4       java.util.Collections$UnmodifiableMap$UnmodifiableEntrySet$1::next (5 bytes)
Total: 1

VM state: not at safepoint (normal execution)

VM Mutex/Monitor currently owned by a thread: None

Heap address: 0x0000000085800000, size: 1960 MB, Compressed Oops mode: 32-bit

CDS archive(s) mapped at: [0x000001d22c000000-0x000001d22cc80000-0x000001d22cc80000), size 13107200, SharedBaseAddress: 0x000001d22c000000, ArchiveRelocationMode: 1.
Compressed class space mapped at: 0x000001d22d000000-0x000001d26d000000, reserved size: 1073741824
Narrow klass base: 0x000001d22c000000, Narrow klass shift: 0, Narrow klass range: 0x100000000

GC Precious Log:
 CardTable entry size: 512
 Card Set container configuration: InlinePtr #cards 5 size 8 Array Of Cards #cards 12 size 40 Howl #buckets 4 coarsen threshold 1843 Howl Bitmap #cards 512 size 80 coarsen threshold 460 Card regions per heap region 1 cards per card region 2048
 CPUs: 4 total, 4 available
 Memory: 7834M
 Large Page Support: Disabled
 NUMA Support: Disabled
 Compressed Oops: Enabled (32-bit)
 Heap Region Size: 1M
 Heap Min Capacity: 8M
 Heap Initial Capacity: 124M
 Heap Max Capacity: 1960M
 Pre-touch: Disabled
 Parallel Workers: 4
 Concurrent Workers: 1
 Concurrent Refinement Workers: 4
 Periodic GC: Disabled

Heap:
 garbage-first heap   total 126976K, used 36167K [0x0000000085800000, 0x0000000100000000)
  region size 1024K, 33 young (33792K), 8 survivors (8192K)
 Metaspace       used 16159K, committed 16384K, reserved 1114112K
  class space    used 1900K, committed 1984K, reserved 1048576K

Heap Regions: E=young(eden), S=young(survivor), O=old, HS=humongous(starts), HC=humongous(continues), CS=collection set, F=free, TAMS=top-at-mark-start, PB=parsable bottom
|   0|0x0000000085800000, 0x0000000085900000, 0x0000000085900000|100%| O|  |TAMS 0x0000000085800000| PB 0x0000000085800000| Untracked 
|   1|0x0000000085900000, 0x0000000085a00000, 0x0000000085a00000|100%| O|  |TAMS 0x0000000085900000| PB 0x0000000085900000| Untracked 
|   2|0x0000000085a00000, 0x0000000085b00000, 0x0000000085b00000|100%| O|  |TAMS 0x0000000085a00000| PB 0x0000000085a00000| Untracked 
|   3|0x0000000085b00000, 0x0000000085b51d38, 0x0000000085c00000| 31%| O|  |TAMS 0x0000000085b00000| PB 0x0000000085b00000| Untracked 
|   4|0x0000000085c00000, 0x0000000085c00000, 0x0000000085d00000|  0%| F|  |TAMS 0x0000000085c00000| PB 0x0000000085c00000| Untracked 
|   5|0x0000000085d00000, 0x0000000085d00000, 0x0000000085e00000|  0%| F|  |TAMS 0x0000000085d00000| PB 0x0000000085d00000| Untracked 
|   6|0x0000000085e00000, 0x0000000085e00000, 0x0000000085f00000|  0%| F|  |TAMS 0x0000000085e00000| PB 0x0000000085e00000| Untracked 
|   7|0x0000000085f00000, 0x0000000085f00000, 0x0000000086000000|  0%| F|  |TAMS 0x0000000085f00000| PB 0x0000000085f00000| Untracked 
|   8|0x0000000086000000, 0x0000000086000000, 0x0000000086100000|  0%| F|  |TAMS 0x0000000086000000| PB 0x0000000086000000| Untracked 
|   9|0x0000000086100000, 0x0000000086100000, 0x0000000086200000|  0%| F|  |TAMS 0x0000000086100000| PB 0x0000000086100000| Untracked 
|  10|0x0000000086200000, 0x0000000086200000, 0x0000000086300000|  0%| F|  |TAMS 0x0000000086200000| PB 0x0000000086200000| Untracked 
|  11|0x0000000086300000, 0x0000000086300000, 0x0000000086400000|  0%| F|  |TAMS 0x0000000086300000| PB 0x0000000086300000| Untracked 
|  12|0x0000000086400000, 0x0000000086400000, 0x0000000086500000|  0%| F|  |TAMS 0x0000000086400000| PB 0x0000000086400000| Untracked 
|  13|0x0000000086500000, 0x0000000086500000, 0x0000000086600000|  0%| F|  |TAMS 0x0000000086500000| PB 0x0000000086500000| Untracked 
|  14|0x0000000086600000, 0x0000000086600000, 0x0000000086700000|  0%| F|  |TAMS 0x0000000086600000| PB 0x0000000086600000| Untracked 
|  15|0x0000000086700000, 0x0000000086700000, 0x0000000086800000|  0%| F|  |TAMS 0x0000000086700000| PB 0x0000000086700000| Untracked 
|  16|0x0000000086800000, 0x0000000086800000, 0x0000000086900000|  0%| F|  |TAMS 0x0000000086800000| PB 0x0000000086800000| Untracked 
|  17|0x0000000086900000, 0x0000000086900000, 0x0000000086a00000|  0%| F|  |TAMS 0x0000000086900000| PB 0x0000000086900000| Untracked 
|  18|0x0000000086a00000, 0x0000000086a00000, 0x0000000086b00000|  0%| F|  |TAMS 0x0000000086a00000| PB 0x0000000086a00000| Untracked 
|  19|0x0000000086b00000, 0x0000000086b00000, 0x0000000086c00000|  0%| F|  |TAMS 0x0000000086b00000| PB 0x0000000086b00000| Untracked 
|  20|0x0000000086c00000, 0x0000000086c00000, 0x0000000086d00000|  0%| F|  |TAMS 0x0000000086c00000| PB 0x0000000086c00000| Untracked 
|  21|0x0000000086d00000, 0x0000000086d00000, 0x0000000086e00000|  0%| F|  |TAMS 0x0000000086d00000| PB 0x0000000086d00000| Untracked 
|  22|0x0000000086e00000, 0x0000000086e00000, 0x0000000086f00000|  0%| F|  |TAMS 0x0000000086e00000| PB 0x0000000086e00000| Untracked 
|  23|0x0000000086f00000, 0x0000000086f00000, 0x0000000087000000|  0%| F|  |TAMS 0x0000000086f00000| PB 0x0000000086f00000| Untracked 
|  24|0x0000000087000000, 0x0000000087000000, 0x0000000087100000|  0%| F|  |TAMS 0x0000000087000000| PB 0x0000000087000000| Untracked 
|  25|0x0000000087100000, 0x0000000087100000, 0x0000000087200000|  0%| F|  |TAMS 0x0000000087100000| PB 0x0000000087100000| Untracked 
|  26|0x0000000087200000, 0x0000000087200000, 0x0000000087300000|  0%| F|  |TAMS 0x0000000087200000| PB 0x0000000087200000| Untracked 
|  27|0x0000000087300000, 0x0000000087300000, 0x0000000087400000|  0%| F|  |TAMS 0x0000000087300000| PB 0x0000000087300000| Untracked 
|  28|0x0000000087400000, 0x0000000087400000, 0x0000000087500000|  0%| F|  |TAMS 0x0000000087400000| PB 0x0000000087400000| Untracked 
|  29|0x0000000087500000, 0x0000000087500000, 0x0000000087600000|  0%| F|  |TAMS 0x0000000087500000| PB 0x0000000087500000| Untracked 
|  30|0x0000000087600000, 0x0000000087600000, 0x0000000087700000|  0%| F|  |TAMS 0x0000000087600000| PB 0x0000000087600000| Untracked 
|  31|0x0000000087700000, 0x0000000087700000, 0x0000000087800000|  0%| F|  |TAMS 0x0000000087700000| PB 0x0000000087700000| Untracked 
|  32|0x0000000087800000, 0x0000000087800000, 0x0000000087900000|  0%| F|  |TAMS 0x0000000087800000| PB 0x0000000087800000| Untracked 
|  33|0x0000000087900000, 0x0000000087900000, 0x0000000087a00000|  0%| F|  |TAMS 0x0000000087900000| PB 0x0000000087900000| Untracked 
|  34|0x0000000087a00000, 0x0000000087a00000, 0x0000000087b00000|  0%| F|  |TAMS 0x0000000087a00000| PB 0x0000000087a00000| Untracked 
|  35|0x0000000087b00000, 0x0000000087b00000, 0x0000000087c00000|  0%| F|  |TAMS 0x0000000087b00000| PB 0x0000000087b00000| Untracked 
|  36|0x0000000087c00000, 0x0000000087c00000, 0x0000000087d00000|  0%| F|  |TAMS 0x0000000087c00000| PB 0x0000000087c00000| Untracked 
|  37|0x0000000087d00000, 0x0000000087d00000, 0x0000000087e00000|  0%| F|  |TAMS 0x0000000087d00000| PB 0x0000000087d00000| Untracked 
|  38|0x0000000087e00000, 0x0000000087e00000, 0x0000000087f00000|  0%| F|  |TAMS 0x0000000087e00000| PB 0x0000000087e00000| Untracked 
|  39|0x0000000087f00000, 0x0000000087f00000, 0x0000000088000000|  0%| F|  |TAMS 0x0000000087f00000| PB 0x0000000087f00000| Untracked 
|  40|0x0000000088000000, 0x0000000088000000, 0x0000000088100000|  0%| F|  |TAMS 0x0000000088000000| PB 0x0000000088000000| Untracked 
|  41|0x0000000088100000, 0x0000000088100000, 0x0000000088200000|  0%| F|  |TAMS 0x0000000088100000| PB 0x0000000088100000| Untracked 
|  42|0x0000000088200000, 0x0000000088300000, 0x0000000088300000|100%| S|CS|TAMS 0x0000000088200000| PB 0x0000000088200000| Complete 
|  43|0x0000000088300000, 0x0000000088400000, 0x0000000088400000|100%| S|CS|TAMS 0x0000000088300000| PB 0x0000000088300000| Complete 
|  44|0x0000000088400000, 0x0000000088500000, 0x0000000088500000|100%| S|CS|TAMS 0x0000000088400000| PB 0x0000000088400000| Complete 
|  45|0x0000000088500000, 0x0000000088600000, 0x0000000088600000|100%| S|CS|TAMS 0x0000000088500000| PB 0x0000000088500000| Complete 
|  46|0x0000000088600000, 0x0000000088700000, 0x0000000088700000|100%| S|CS|TAMS 0x0000000088600000| PB 0x0000000088600000| Complete 
|  47|0x0000000088700000, 0x0000000088800000, 0x0000000088800000|100%| S|CS|TAMS 0x0000000088700000| PB 0x0000000088700000| Complete 
|  48|0x0000000088800000, 0x0000000088900000, 0x0000000088900000|100%| S|CS|TAMS 0x0000000088800000| PB 0x0000000088800000| Complete 
|  49|0x0000000088900000, 0x0000000088a00000, 0x0000000088a00000|100%| S|CS|TAMS 0x0000000088900000| PB 0x0000000088900000| Complete 
|  50|0x0000000088a00000, 0x0000000088a00000, 0x0000000088b00000|  0%| F|  |TAMS 0x0000000088a00000| PB 0x0000000088a00000| Untracked 
|  51|0x0000000088b00000, 0x0000000088b00000, 0x0000000088c00000|  0%| F|  |TAMS 0x0000000088b00000| PB 0x0000000088b00000| Untracked 
|  52|0x0000000088c00000, 0x0000000088c00000, 0x0000000088d00000|  0%| F|  |TAMS 0x0000000088c00000| PB 0x0000000088c00000| Untracked 
|  53|0x0000000088d00000, 0x0000000088d00000, 0x0000000088e00000|  0%| F|  |TAMS 0x0000000088d00000| PB 0x0000000088d00000| Untracked 
|  54|0x0000000088e00000, 0x0000000088e00000, 0x0000000088f00000|  0%| F|  |TAMS 0x0000000088e00000| PB 0x0000000088e00000| Untracked 
|  55|0x0000000088f00000, 0x0000000088f00000, 0x0000000089000000|  0%| F|  |TAMS 0x0000000088f00000| PB 0x0000000088f00000| Untracked 
|  56|0x0000000089000000, 0x0000000089000000, 0x0000000089100000|  0%| F|  |TAMS 0x0000000089000000| PB 0x0000000089000000| Untracked 
|  57|0x0000000089100000, 0x0000000089100000, 0x0000000089200000|  0%| F|  |TAMS 0x0000000089100000| PB 0x0000000089100000| Untracked 
|  58|0x0000000089200000, 0x0000000089200000, 0x0000000089300000|  0%| F|  |TAMS 0x0000000089200000| PB 0x0000000089200000| Untracked 
|  59|0x0000000089300000, 0x0000000089300000, 0x0000000089400000|  0%| F|  |TAMS 0x0000000089300000| PB 0x0000000089300000| Untracked 
|  60|0x0000000089400000, 0x0000000089400000, 0x0000000089500000|  0%| F|  |TAMS 0x0000000089400000| PB 0x0000000089400000| Untracked 
|  61|0x0000000089500000, 0x0000000089500000, 0x0000000089600000|  0%| F|  |TAMS 0x0000000089500000| PB 0x0000000089500000| Untracked 
|  62|0x0000000089600000, 0x0000000089600000, 0x0000000089700000|  0%| F|  |TAMS 0x0000000089600000| PB 0x0000000089600000| Untracked 
|  63|0x0000000089700000, 0x0000000089700000, 0x0000000089800000|  0%| F|  |TAMS 0x0000000089700000| PB 0x0000000089700000| Untracked 
|  64|0x0000000089800000, 0x0000000089800000, 0x0000000089900000|  0%| F|  |TAMS 0x0000000089800000| PB 0x0000000089800000| Untracked 
|  65|0x0000000089900000, 0x0000000089900000, 0x0000000089a00000|  0%| F|  |TAMS 0x0000000089900000| PB 0x0000000089900000| Untracked 
|  66|0x0000000089a00000, 0x0000000089a00000, 0x0000000089b00000|  0%| F|  |TAMS 0x0000000089a00000| PB 0x0000000089a00000| Untracked 
|  67|0x0000000089b00000, 0x0000000089b00000, 0x0000000089c00000|  0%| F|  |TAMS 0x0000000089b00000| PB 0x0000000089b00000| Untracked 
|  68|0x0000000089c00000, 0x0000000089c00000, 0x0000000089d00000|  0%| F|  |TAMS 0x0000000089c00000| PB 0x0000000089c00000| Untracked 
|  69|0x0000000089d00000, 0x0000000089d00000, 0x0000000089e00000|  0%| F|  |TAMS 0x0000000089d00000| PB 0x0000000089d00000| Untracked 
|  70|0x0000000089e00000, 0x0000000089e00000, 0x0000000089f00000|  0%| F|  |TAMS 0x0000000089e00000| PB 0x0000000089e00000| Untracked 
|  71|0x0000000089f00000, 0x0000000089f00000, 0x000000008a000000|  0%| F|  |TAMS 0x0000000089f00000| PB 0x0000000089f00000| Untracked 
|  72|0x000000008a000000, 0x000000008a000000, 0x000000008a100000|  0%| F|  |TAMS 0x000000008a000000| PB 0x000000008a000000| Untracked 
|  73|0x000000008a100000, 0x000000008a100000, 0x000000008a200000|  0%| F|  |TAMS 0x000000008a100000| PB 0x000000008a100000| Untracked 
|  74|0x000000008a200000, 0x000000008a200000, 0x000000008a300000|  0%| F|  |TAMS 0x000000008a200000| PB 0x000000008a200000| Untracked 
|  75|0x000000008a300000, 0x000000008a300000, 0x000000008a400000|  0%| F|  |TAMS 0x000000008a300000| PB 0x000000008a300000| Untracked 
|  76|0x000000008a400000, 0x000000008a400000, 0x000000008a500000|  0%| F|  |TAMS 0x000000008a400000| PB 0x000000008a400000| Untracked 
|  77|0x000000008a500000, 0x000000008a500000, 0x000000008a600000|  0%| F|  |TAMS 0x000000008a500000| PB 0x000000008a500000| Untracked 
|  78|0x000000008a600000, 0x000000008a600000, 0x000000008a700000|  0%| F|  |TAMS 0x000000008a600000| PB 0x000000008a600000| Untracked 
|  79|0x000000008a700000, 0x000000008a700000, 0x000000008a800000|  0%| F|  |TAMS 0x000000008a700000| PB 0x000000008a700000| Untracked 
|  80|0x000000008a800000, 0x000000008a800000, 0x000000008a900000|  0%| F|  |TAMS 0x000000008a800000| PB 0x000000008a800000| Untracked 
|  81|0x000000008a900000, 0x000000008a900000, 0x000000008aa00000|  0%| F|  |TAMS 0x000000008a900000| PB 0x000000008a900000| Untracked 
|  82|0x000000008aa00000, 0x000000008aa00000, 0x000000008ab00000|  0%| F|  |TAMS 0x000000008aa00000| PB 0x000000008aa00000| Untracked 
|  83|0x000000008ab00000, 0x000000008ab00000, 0x000000008ac00000|  0%| F|  |TAMS 0x000000008ab00000| PB 0x000000008ab00000| Untracked 
|  84|0x000000008ac00000, 0x000000008ac00000, 0x000000008ad00000|  0%| F|  |TAMS 0x000000008ac00000| PB 0x000000008ac00000| Untracked 
|  85|0x000000008ad00000, 0x000000008ad00000, 0x000000008ae00000|  0%| F|  |TAMS 0x000000008ad00000| PB 0x000000008ad00000| Untracked 
|  86|0x000000008ae00000, 0x000000008ae00000, 0x000000008af00000|  0%| F|  |TAMS 0x000000008ae00000| PB 0x000000008ae00000| Untracked 
|  87|0x000000008af00000, 0x000000008af00000, 0x000000008b000000|  0%| F|  |TAMS 0x000000008af00000| PB 0x000000008af00000| Untracked 
|  88|0x000000008b000000, 0x000000008b000000, 0x000000008b100000|  0%| F|  |TAMS 0x000000008b000000| PB 0x000000008b000000| Untracked 
|  89|0x000000008b100000, 0x000000008b100000, 0x000000008b200000|  0%| F|  |TAMS 0x000000008b100000| PB 0x000000008b100000| Untracked 
|  90|0x000000008b200000, 0x000000008b200000, 0x000000008b300000|  0%| F|  |TAMS 0x000000008b200000| PB 0x000000008b200000| Untracked 
|  91|0x000000008b300000, 0x000000008b300000, 0x000000008b400000|  0%| F|  |TAMS 0x000000008b300000| PB 0x000000008b300000| Untracked 
|  92|0x000000008b400000, 0x000000008b400000, 0x000000008b500000|  0%| F|  |TAMS 0x000000008b400000| PB 0x000000008b400000| Untracked 
|  93|0x000000008b500000, 0x000000008b500000, 0x000000008b600000|  0%| F|  |TAMS 0x000000008b500000| PB 0x000000008b500000| Untracked 
|  94|0x000000008b600000, 0x000000008b600000, 0x000000008b700000|  0%| F|  |TAMS 0x000000008b600000| PB 0x000000008b600000| Untracked 
|  95|0x000000008b700000, 0x000000008b700000, 0x000000008b800000|  0%| F|  |TAMS 0x000000008b700000| PB 0x000000008b700000| Untracked 
|  96|0x000000008b800000, 0x000000008b800000, 0x000000008b900000|  0%| F|  |TAMS 0x000000008b800000| PB 0x000000008b800000| Untracked 
|  97|0x000000008b900000, 0x000000008b900000, 0x000000008ba00000|  0%| F|  |TAMS 0x000000008b900000| PB 0x000000008b900000| Untracked 
|  98|0x000000008ba00000, 0x000000008ba00000, 0x000000008bb00000|  0%| F|  |TAMS 0x000000008ba00000| PB 0x000000008ba00000| Untracked 
|  99|0x000000008bb00000, 0x000000008bc00000, 0x000000008bc00000|100%| E|  |TAMS 0x000000008bb00000| PB 0x000000008bb00000| Complete 
| 100|0x000000008bc00000, 0x000000008bd00000, 0x000000008bd00000|100%| E|CS|TAMS 0x000000008bc00000| PB 0x000000008bc00000| Complete 
| 101|0x000000008bd00000, 0x000000008be00000, 0x000000008be00000|100%| E|CS|TAMS 0x000000008bd00000| PB 0x000000008bd00000| Complete 
| 102|0x000000008be00000, 0x000000008bf00000, 0x000000008bf00000|100%| E|CS|TAMS 0x000000008be00000| PB 0x000000008be00000| Complete 
| 103|0x000000008bf00000, 0x000000008c000000, 0x000000008c000000|100%| E|CS|TAMS 0x000000008bf00000| PB 0x000000008bf00000| Complete 
| 104|0x000000008c000000, 0x000000008c100000, 0x000000008c100000|100%| E|CS|TAMS 0x000000008c000000| PB 0x000000008c000000| Complete 
| 105|0x000000008c100000, 0x000000008c200000, 0x000000008c200000|100%| E|CS|TAMS 0x000000008c100000| PB 0x000000008c100000| Complete 
| 106|0x000000008c200000, 0x000000008c300000, 0x000000008c300000|100%| E|CS|TAMS 0x000000008c200000| PB 0x000000008c200000| Complete 
| 107|0x000000008c300000, 0x000000008c400000, 0x000000008c400000|100%| E|CS|TAMS 0x000000008c300000| PB 0x000000008c300000| Complete 
| 108|0x000000008c400000, 0x000000008c500000, 0x000000008c500000|100%| E|CS|TAMS 0x000000008c400000| PB 0x000000008c400000| Complete 
| 109|0x000000008c500000, 0x000000008c600000, 0x000000008c600000|100%| E|CS|TAMS 0x000000008c500000| PB 0x000000008c500000| Complete 
| 110|0x000000008c600000, 0x000000008c700000, 0x000000008c700000|100%| E|CS|TAMS 0x000000008c600000| PB 0x000000008c600000| Complete 
| 111|0x000000008c700000, 0x000000008c800000, 0x000000008c800000|100%| E|CS|TAMS 0x000000008c700000| PB 0x000000008c700000| Complete 
| 112|0x000000008c800000, 0x000000008c900000, 0x000000008c900000|100%| E|CS|TAMS 0x000000008c800000| PB 0x000000008c800000| Complete 
| 113|0x000000008c900000, 0x000000008ca00000, 0x000000008ca00000|100%| E|CS|TAMS 0x000000008c900000| PB 0x000000008c900000| Complete 
| 114|0x000000008ca00000, 0x000000008cb00000, 0x000000008cb00000|100%| E|CS|TAMS 0x000000008ca00000| PB 0x000000008ca00000| Complete 
| 115|0x000000008cb00000, 0x000000008cc00000, 0x000000008cc00000|100%| E|CS|TAMS 0x000000008cb00000| PB 0x000000008cb00000| Complete 
| 116|0x000000008cc00000, 0x000000008cd00000, 0x000000008cd00000|100%| E|CS|TAMS 0x000000008cc00000| PB 0x000000008cc00000| Complete 
| 117|0x000000008cd00000, 0x000000008ce00000, 0x000000008ce00000|100%| E|CS|TAMS 0x000000008cd00000| PB 0x000000008cd00000| Complete 
| 118|0x000000008ce00000, 0x000000008cf00000, 0x000000008cf00000|100%| E|CS|TAMS 0x000000008ce00000| PB 0x000000008ce00000| Complete 
| 119|0x000000008cf00000, 0x000000008d000000, 0x000000008d000000|100%| E|CS|TAMS 0x000000008cf00000| PB 0x000000008cf00000| Complete 
| 120|0x000000008d000000, 0x000000008d100000, 0x000000008d100000|100%| E|CS|TAMS 0x000000008d000000| PB 0x000000008d000000| Complete 
| 121|0x000000008d100000, 0x000000008d200000, 0x000000008d200000|100%| E|CS|TAMS 0x000000008d100000| PB 0x000000008d100000| Complete 
| 122|0x000000008d200000, 0x000000008d300000, 0x000000008d300000|100%| E|CS|TAMS 0x000000008d200000| PB 0x000000008d200000| Complete 
| 123|0x000000008d300000, 0x000000008d400000, 0x000000008d400000|100%| E|CS|TAMS 0x000000008d300000| PB 0x000000008d300000| Complete 

Card table byte_map: [0x000001d2272d0000,0x000001d2276b0000] _byte_map_base: 0x000001d226ea4000

Marking Bits: (CMBitMap*) 0x000001d20f83cee0
 Bits: [0x000001d2276b0000, 0x000001d229550000)

Polling page: 0x000001d20d5e0000

Metaspace:

Usage:
  Non-class:     13.92 MB used.
      Class:      1.86 MB used.
       Both:     15.78 MB used.

Virtual space:
  Non-class space:       64.00 MB reserved,      14.06 MB ( 22%) committed,  1 nodes.
      Class space:        1.00 GB reserved,       1.94 MB ( <1%) committed,  1 nodes.
             Both:        1.06 GB reserved,      16.00 MB (  1%) committed. 

Chunk freelists:
   Non-Class:  1.70 MB
       Class:  13.89 MB
        Both:  15.59 MB

MaxMetaspaceSize: unlimited
CompressedClassSpaceSize: 1.00 GB
Initial GC threshold: 21.00 MB
Current GC threshold: 21.00 MB
CDS: on
 - commit_granule_bytes: 65536.
 - commit_granule_words: 8192.
 - virtual_space_node_default_size: 8388608.
 - enlarge_chunks_in_place: 1.
 - use_allocation_guard: 0.


Internal statistics:

num_allocs_failed_limit: 0.
num_arena_births: 174.
num_arena_deaths: 0.
num_vsnodes_births: 2.
num_vsnodes_deaths: 0.
num_space_committed: 256.
num_space_uncommitted: 0.
num_chunks_returned_to_freelist: 0.
num_chunks_taken_from_freelist: 703.
num_chunk_merges: 0.
num_chunk_splits: 498.
num_chunks_enlarged: 406.
num_inconsistent_stats: 0.

CodeHeap 'non-profiled nmethods': size=120000Kb used=2005Kb max_used=2005Kb free=117994Kb
 bounds [0x000001d21f9c0000, 0x000001d21fc30000, 0x000001d226ef0000]
CodeHeap 'profiled nmethods': size=120000Kb used=8228Kb max_used=8228Kb free=111771Kb
 bounds [0x000001d217ef0000, 0x000001d218700000, 0x000001d21f420000]
CodeHeap 'non-nmethods': size=5760Kb used=1542Kb max_used=1596Kb free=4217Kb
 bounds [0x000001d21f420000, 0x000001d21f690000, 0x000001d21f9c0000]
CodeCache: size=245760Kb, used=11775Kb, max_used=11829Kb, free=233982Kb
 total_blobs=4602, nmethods=4110, adapters=396, full_count=0
Compilation: enabled, stopped_count=0, restarted_count=0

Compilation events (20 events):
Event: 3.927 Thread 0x000001d22ba2d210 4094       3       java.util.LinkedHashMap$LinkedKeyIterator::<init> (7 bytes)
Event: 3.927 Thread 0x000001d22ba2d210 nmethod 4094 0x000001d2186f1190 code [0x000001d2186f1340, 0x000001d2186f1478]
Event: 3.927 Thread 0x000001d22ba2d210 4095       1       org.eclipse.aether.resolution.VersionRangeResult::getVersionConstraint (5 bytes)
Event: 3.927 Thread 0x000001d22ba2d210 nmethod 4095 0x000001d21fba1890 code [0x000001d21fba1a20, 0x000001d21fba1ae8]
Event: 3.931 Thread 0x000001d22ba2d210 4096       3       org.apache.maven.model.building.ModelData::getId (49 bytes)
Event: 3.932 Thread 0x000001d22ba2d210 nmethod 4096 0x000001d2186f1510 code [0x000001d2186f17a0, 0x000001d2186f2090]
Event: 3.933 Thread 0x000001d22ba2d210 4097       3       org.apache.maven.model.ReportPlugin::getReportSets (23 bytes)
Event: 3.933 Thread 0x000001d22ba2d210 nmethod 4097 0x000001d2186f2410 code [0x000001d2186f25e0, 0x000001d2186f29c0]
Event: 3.937 Thread 0x000001d22ba2d210 4098       1       org.eclipse.aether.resolution.ArtifactDescriptorResult::getDependencies (5 bytes)
Event: 3.937 Thread 0x000001d22ba2d210 nmethod 4098 0x000001d21fba1b90 code [0x000001d21fba1d20, 0x000001d21fba1de8]
Event: 3.937 Thread 0x000001d22ba2d210 4099       1       org.eclipse.aether.resolution.ArtifactDescriptorRequest::getArtifact (5 bytes)
Event: 3.937 Thread 0x000001d22ba2d210 nmethod 4099 0x000001d21fba1e90 code [0x000001d21fba2020, 0x000001d21fba20e8]
Event: 3.940 Thread 0x000001d22ba28cb0 4100       4       java.util.Collections$UnmodifiableMap$UnmodifiableEntrySet$1::hasNext (10 bytes)
Event: 3.940 Thread 0x000001d22ba2d210 4102       1       org.eclipse.aether.resolution.ArtifactDescriptorRequest::getRequestContext (5 bytes)
Event: 3.940 Thread 0x000001d22ba2d210 nmethod 4102 0x000001d21fba2190 code [0x000001d21fba2320, 0x000001d21fba23e8]
Event: 3.940 Thread 0x000001d22ba28cb0 nmethod 4100 0x000001d21fba2490 code [0x000001d21fba2620, 0x000001d21fba26f0]
Event: 3.940 Thread 0x000001d22ba28cb0 4101       4       java.util.Collections$UnmodifiableMap$UnmodifiableEntrySet$1::next (5 bytes)
Event: 3.945 Thread 0x000001d22ba2d210 4103       1       org.eclipse.aether.resolution.ArtifactDescriptorRequest::getRepositories (5 bytes)
Event: 3.945 Thread 0x000001d22ba2d210 nmethod 4103 0x000001d21fba2790 code [0x000001d21fba2920, 0x000001d21fba29e8]
Event: 3.949 Thread 0x000001d22ba2d210 4104       3       org.eclipse.aether.internal.impl.DefaultRemoteRepositoryManager::aggregateRepositories (357 bytes)

GC Heap History (6 events):
Event: 0.548 GC heap before
{Heap before GC invocations=0 (full 0):
 garbage-first heap   total 126976K, used 13312K [0x0000000085800000, 0x0000000100000000)
  region size 1024K, 13 young (13312K), 0 survivors (0K)
 Metaspace       used 3654K, committed 3840K, reserved 1114112K
  class space    used 379K, committed 512K, reserved 1048576K
}
Event: 0.554 GC heap after
{Heap after GC invocations=1 (full 0):
 garbage-first heap   total 126976K, used 3200K [0x0000000085800000, 0x0000000100000000)
  region size 1024K, 2 young (2048K), 2 survivors (2048K)
 Metaspace       used 3654K, committed 3840K, reserved 1114112K
  class space    used 379K, committed 512K, reserved 1048576K
}
Event: 0.833 GC heap before
{Heap before GC invocations=1 (full 0):
 garbage-first heap   total 126976K, used 17536K [0x0000000085800000, 0x0000000100000000)
  region size 1024K, 16 young (16384K), 2 survivors (2048K)
 Metaspace       used 5920K, committed 6144K, reserved 1114112K
  class space    used 709K, committed 832K, reserved 1048576K
}
Event: 0.839 GC heap after
{Heap after GC invocations=2 (full 0):
 garbage-first heap   total 126976K, used 4188K [0x0000000085800000, 0x0000000100000000)
  region size 1024K, 1 young (1024K), 1 survivors (1024K)
 Metaspace       used 5920K, committed 6144K, reserved 1114112K
  class space    used 709K, committed 832K, reserved 1048576K
}
Event: 3.217 GC heap before
{Heap before GC invocations=2 (full 0):
 garbage-first heap   total 126976K, used 77916K [0x0000000085800000, 0x0000000100000000)
  region size 1024K, 74 young (75776K), 1 survivors (1024K)
 Metaspace       used 15593K, committed 15808K, reserved 1114112K
  class space    used 1844K, committed 1920K, reserved 1048576K
}
Event: 3.236 GC heap after
{Heap after GC invocations=3 (full 0):
 garbage-first heap   total 126976K, used 11591K [0x0000000085800000, 0x0000000100000000)
  region size 1024K, 8 young (8192K), 8 survivors (8192K)
 Metaspace       used 15593K, committed 15808K, reserved 1114112K
  class space    used 1844K, committed 1920K, reserved 1048576K
}

Dll operation events (8 events):
Event: 0.008 Loaded shared library C:\Program Files\Eclipse Adoptium\jdk-21.0.8.9-hotspot\bin\java.dll
Event: 0.039 Loaded shared library C:\Program Files\Eclipse Adoptium\jdk-21.0.8.9-hotspot\bin\jsvml.dll
Event: 0.054 Loaded shared library C:\Program Files\Eclipse Adoptium\jdk-21.0.8.9-hotspot\bin\net.dll
Event: 0.057 Loaded shared library C:\Program Files\Eclipse Adoptium\jdk-21.0.8.9-hotspot\bin\nio.dll
Event: 0.060 Loaded shared library C:\Program Files\Eclipse Adoptium\jdk-21.0.8.9-hotspot\bin\zip.dll
Event: 0.315 Loaded shared library C:\Program Files\Eclipse Adoptium\jdk-21.0.8.9-hotspot\bin\jimage.dll
Event: 0.316 Loaded shared library E:\apache-maven-3.9.11-bin\apache-maven-3.9.11\lib\jansi-native\Windows\x86_64\jansi.dll
Event: 0.333 Loaded shared library C:\Program Files\Eclipse Adoptium\jdk-21.0.8.9-hotspot\bin\verify.dll

Deoptimization events (20 events):
Event: 3.879 Thread 0x000001d20d417f90 Uncommon trap: trap_request=0xffffffbe fr.pc=0x000001d21fb9c428 relative=0x0000000000000348
Event: 3.879 Thread 0x000001d20d417f90 Uncommon trap: reason=profile_predicate action=maybe_recompile pc=0x000001d21fb9c428 method=java.util.regex.Pattern$Slice.match(Ljava/util/regex/Matcher;ILjava/lang/CharSequence;)Z @ 18 c2
Event: 3.879 Thread 0x000001d20d417f90 DEOPT PACKING pc=0x000001d21fb9c428 sp=0x000000cd1d5fc2e0
Event: 3.879 Thread 0x000001d20d417f90 DEOPT UNPACKING pc=0x000001d21f477da2 sp=0x000000cd1d5fc270 mode 2
Event: 3.879 Thread 0x000001d20d417f90 Uncommon trap: trap_request=0xffffffbe fr.pc=0x000001d21fb9c428 relative=0x0000000000000348
Event: 3.879 Thread 0x000001d20d417f90 Uncommon trap: reason=profile_predicate action=maybe_recompile pc=0x000001d21fb9c428 method=java.util.regex.Pattern$Slice.match(Ljava/util/regex/Matcher;ILjava/lang/CharSequence;)Z @ 18 c2
Event: 3.879 Thread 0x000001d20d417f90 DEOPT PACKING pc=0x000001d21fb9c428 sp=0x000000cd1d5fc2e0
Event: 3.879 Thread 0x000001d20d417f90 DEOPT UNPACKING pc=0x000001d21f477da2 sp=0x000000cd1d5fc270 mode 2
Event: 3.879 Thread 0x000001d20d417f90 Uncommon trap: trap_request=0xffffffbe fr.pc=0x000001d21fb9c428 relative=0x0000000000000348
Event: 3.879 Thread 0x000001d20d417f90 Uncommon trap: reason=profile_predicate action=maybe_recompile pc=0x000001d21fb9c428 method=java.util.regex.Pattern$Slice.match(Ljava/util/regex/Matcher;ILjava/lang/CharSequence;)Z @ 18 c2
Event: 3.879 Thread 0x000001d20d417f90 DEOPT PACKING pc=0x000001d21fb9c428 sp=0x000000cd1d5fc2e0
Event: 3.879 Thread 0x000001d20d417f90 DEOPT UNPACKING pc=0x000001d21f477da2 sp=0x000000cd1d5fc270 mode 2
Event: 3.879 Thread 0x000001d20d417f90 Uncommon trap: trap_request=0xffffffbe fr.pc=0x000001d21fb9c428 relative=0x0000000000000348
Event: 3.879 Thread 0x000001d20d417f90 Uncommon trap: reason=profile_predicate action=maybe_recompile pc=0x000001d21fb9c428 method=java.util.regex.Pattern$Slice.match(Ljava/util/regex/Matcher;ILjava/lang/CharSequence;)Z @ 18 c2
Event: 3.879 Thread 0x000001d20d417f90 DEOPT PACKING pc=0x000001d21fb9c428 sp=0x000000cd1d5fc2e0
Event: 3.879 Thread 0x000001d20d417f90 DEOPT UNPACKING pc=0x000001d21f477da2 sp=0x000000cd1d5fc270 mode 2
Event: 3.927 Thread 0x000001d20d417f90 Uncommon trap: trap_request=0xffffffde fr.pc=0x000001d21fa06cd8 relative=0x0000000000000e58
Event: 3.927 Thread 0x000001d20d417f90 Uncommon trap: reason=class_check action=maybe_recompile pc=0x000001d21fa06cd8 method=java.util.concurrent.ConcurrentHashMap.putVal(Ljava/lang/Object;Ljava/lang/Object;Z)Ljava/lang/Object; @ 242 c2
Event: 3.927 Thread 0x000001d20d417f90 DEOPT PACKING pc=0x000001d21fa06cd8 sp=0x000000cd1d5fcb40
Event: 3.927 Thread 0x000001d20d417f90 DEOPT UNPACKING pc=0x000001d21f477da2 sp=0x000000cd1d5fcab0 mode 2

Classes loaded (20 events):
Event: 2.434 Loading class java/util/stream/IntStream
Event: 2.435 Loading class java/util/stream/IntStream done
Event: 2.435 Loading class java/util/stream/IntPipeline$Head
Event: 2.437 Loading class java/util/stream/IntPipeline
Event: 2.438 Loading class java/util/stream/IntPipeline done
Event: 2.438 Loading class java/util/stream/IntPipeline$Head done
Event: 2.442 Loading class java/util/StringTokenizer
Event: 2.443 Loading class java/util/StringTokenizer done
Event: 2.495 Loading class java/util/stream/Streams$RangeIntSpliterator
Event: 2.495 Loading class java/util/stream/Streams$RangeIntSpliterator done
Event: 3.247 Loading class java/util/stream/MatchOps$MatchKind
Event: 3.248 Loading class java/util/stream/MatchOps$MatchKind done
Event: 3.248 Loading class java/util/stream/MatchOps
Event: 3.248 Loading class java/util/stream/MatchOps done
Event: 3.248 Loading class java/util/stream/MatchOps$MatchOp
Event: 3.248 Loading class java/util/stream/MatchOps$MatchOp done
Event: 3.248 Loading class java/util/stream/MatchOps$BooleanTerminalSink
Event: 3.249 Loading class java/util/stream/MatchOps$BooleanTerminalSink done
Event: 3.249 Loading class java/util/stream/MatchOps$1MatchSink
Event: 3.250 Loading class java/util/stream/MatchOps$1MatchSink done

Classes unloaded (0 events):
No events

Classes redefined (0 events):
No events

Internal exceptions (20 events):
Event: 1.518 Thread 0x000001d20d417f90 Exception <a 'java/lang/NoSuchMethodError'{0x000000008b4244c0}: 'java.lang.Object java.lang.invoke.DirectMethodHandle$Holder.invokeSpecial(java.lang.Object, java.lang.Object, java.lang.Object, int, java.lang.Object)'> (0x000000008b4244c0) 
thrown [s\src\hotspot\share\interpreter\linkResolver.cpp, line 773]
Event: 1.522 Thread 0x000001d20d417f90 Exception <a 'java/lang/NoSuchMethodError'{0x000000008b42c810}: 'int java.lang.invoke.DirectMethodHandle$Holder.invokeSpecial(java.lang.Object, java.lang.Object, java.lang.Object, int)'> (0x000000008b42c810) 
thrown [s\src\hotspot\share\interpreter\linkResolver.cpp, line 773]
Event: 1.527 Thread 0x000001d20d417f90 Implicit null exception at 0x000001d21fa6b95a to 0x000001d21fa6bb54
Event: 1.529 Thread 0x000001d20d417f90 Exception <a 'java/lang/NoSuchMethodError'{0x000000008b4518a8}: 'java.lang.Object java.lang.invoke.Invokers$Holder.invokeExact_MT(java.lang.Object, int, java.lang.Object)'> (0x000000008b4518a8) 
thrown [s\src\hotspot\share\interpreter\linkResolver.cpp, line 773]
Event: 1.962 Thread 0x000001d20d417f90 Exception <a 'java/lang/NoSuchMethodError'{0x000000008ac4d068}: 'void java.lang.invoke.Invokers$Holder.invokeExact_MT(java.lang.Object, java.lang.Object, java.lang.Object, java.lang.Object)'> (0x000000008ac4d068) 
thrown [s\src\hotspot\share\interpreter\linkResolver.cpp, line 773]
Event: 2.001 Thread 0x000001d20d417f90 Exception <a 'java/lang/NoClassDefFoundError'{0x000000008ace2890}: com/google/inject/servlet/ServletModuleTargetVisitor> (0x000000008ace2890) 
thrown [s\src\hotspot\share\classfile\systemDictionary.cpp, line 301]
Event: 2.093 Thread 0x000001d20d417f90 Exception <a 'java/lang/NoSuchMethodError'{0x000000008aaa4d98}: 'void java.lang.invoke.DirectMethodHandle$Holder.invokeVirtual(java.lang.Object, java.lang.Object)'> (0x000000008aaa4d98) 
thrown [s\src\hotspot\share\interpreter\linkResolver.cpp, line 773]
Event: 2.144 Thread 0x000001d20d417f90 Exception <a 'java/lang/NoSuchMethodError'{0x000000008a925268}: 'java.lang.Object java.lang.invoke.DirectMethodHandle$Holder.invokeStaticInit(java.lang.Object, int, int, int, int)'> (0x000000008a925268) 
thrown [s\src\hotspot\share\interpreter\linkResolver.cpp, line 773]
Event: 2.309 Thread 0x000001d20d417f90 Implicit null exception at 0x000001d21f9ecca4 to 0x000001d21f9ed36c
Event: 2.309 Thread 0x000001d20d417f90 Implicit null exception at 0x000001d21f9f0ba0 to 0x000001d21f9f1258
Event: 2.378 Thread 0x000001d20d417f90 Exception <a 'java/lang/NoSuchMethodError'{0x000000008a4dd050}: 'void java.lang.invoke.DirectMethodHandle$Holder.invokeSpecial(java.lang.Object, java.lang.Object, java.lang.Object, java.lang.Object, java.lang.Object)'> (0x000000008a4dd050) 
thrown [s\src\hotspot\share\interpreter\linkResolver.cpp, line 773]
Event: 2.380 Thread 0x000001d20d417f90 Exception <a 'java/lang/NoSuchMethodError'{0x000000008a4f7df8}: 'void java.lang.invoke.DirectMethodHandle$Holder.invokeSpecial(java.lang.Object, java.lang.Object, java.lang.Object, java.lang.Object, java.lang.Object, java.lang.Object)'> (0x000000008a4f7df8) 
thrown [s\src\hotspot\share\interpreter\linkResolver.cpp, line 773]
Event: 2.399 Thread 0x000001d20d417f90 Exception <a 'java/lang/NoSuchMethodError'{0x000000008a203878}: 'java.lang.Object java.lang.invoke.DirectMethodHandle$Holder.invokeVirtual(java.lang.Object, java.lang.Object, java.lang.Object)'> (0x000000008a203878) 
thrown [s\src\hotspot\share\interpreter\linkResolver.cpp, line 773]
Event: 2.453 Thread 0x000001d20d417f90 Exception <a 'java/lang/NoSuchMethodError'{0x000000008a1815c8}: 'void java.lang.invoke.DirectMethodHandle$Holder.invokeVirtual(java.lang.Object, java.lang.Object, int)'> (0x000000008a1815c8) 
thrown [s\src\hotspot\share\interpreter\linkResolver.cpp, line 773]
Event: 2.456 Thread 0x000001d20d417f90 Exception <a 'java/lang/NoSuchMethodError'{0x000000008a1853d8}: 'void java.lang.invoke.DirectMethodHandle$Holder.invokeSpecial(java.lang.Object, java.lang.Object, java.lang.Object, int)'> (0x000000008a1853d8) 
thrown [s\src\hotspot\share\interpreter\linkResolver.cpp, line 773]
Event: 2.456 Thread 0x000001d20d417f90 Exception <a 'java/lang/NoSuchMethodError'{0x000000008a188ab8}: 'void java.lang.invoke.DelegatingMethodHandle$Holder.reinvoke_L(java.lang.Object, java.lang.Object, int)'> (0x000000008a188ab8) 
thrown [s\src\hotspot\share\interpreter\linkResolver.cpp, line 773]
Event: 3.388 Thread 0x000001d20d417f90 Implicit null exception at 0x000001d21faf9023 to 0x000001d21fafa2d0
Event: 3.388 Thread 0x000001d20d417f90 Implicit null exception at 0x000001d21fa8b018 to 0x000001d21fa8b1f4
Event: 3.389 Thread 0x000001d20d417f90 Implicit null exception at 0x000001d21fab980d to 0x000001d21faba04c
Event: 3.404 Thread 0x000001d20d417f90 Exception <a 'java/lang/NoSuchMethodError'{0x000000008cdda3f0}: 'int java.lang.invoke.DirectMethodHandle$Holder.invokeSpecialIFC(java.lang.Object, java.lang.Object, java.lang.Object, java.lang.Object)'> (0x000000008cdda3f0) 
thrown [s\src\hotspot\share\interpreter\linkResolver.cpp, line 773]

ZGC Phase Switch (0 events):
No events

VM Operations (20 events):
Event: 1.956 Executing VM operation: HandshakeAllThreads (Deoptimize)
Event: 1.956 Executing VM operation: HandshakeAllThreads (Deoptimize) done
Event: 2.108 Executing VM operation: HandshakeAllThreads (Deoptimize)
Event: 2.108 Executing VM operation: HandshakeAllThreads (Deoptimize) done
Event: 2.175 Executing VM operation: HandshakeAllThreads (Deoptimize)
Event: 2.175 Executing VM operation: HandshakeAllThreads (Deoptimize) done
Event: 2.199 Executing VM operation: ICBufferFull
Event: 2.199 Executing VM operation: ICBufferFull done
Event: 2.217 Executing VM operation: HandshakeAllThreads (Deoptimize)
Event: 2.217 Executing VM operation: HandshakeAllThreads (Deoptimize) done
Event: 2.272 Executing VM operation: HandshakeAllThreads (Deoptimize)
Event: 2.272 Executing VM operation: HandshakeAllThreads (Deoptimize) done
Event: 2.274 Executing VM operation: HandshakeAllThreads (Deoptimize)
Event: 2.274 Executing VM operation: HandshakeAllThreads (Deoptimize) done
Event: 2.734 Executing VM operation: ICBufferFull
Event: 2.734 Executing VM operation: ICBufferFull done
Event: 3.217 Executing VM operation: G1CollectForAllocation (G1 Evacuation Pause)
Event: 3.236 Executing VM operation: G1CollectForAllocation (G1 Evacuation Pause) done
Event: 3.567 Executing VM operation: ICBufferFull
Event: 3.567 Executing VM operation: ICBufferFull done

Memory protections (0 events):
No events

Nmethod flushes (0 events):
No events

Events (15 events):
Event: 0.024 Thread 0x000001d20d417f90 Thread added: 0x000001d20d417f90
Event: 0.036 Thread 0x000001d20d417f90 Thread added: 0x000001d22ba12540
Event: 0.036 Thread 0x000001d20d417f90 Thread added: 0x000001d22ba15090
Event: 0.037 Thread 0x000001d20d417f90 Thread added: 0x000001d22ba18b50
Event: 0.037 Thread 0x000001d20d417f90 Thread added: 0x000001d22ba19da0
Event: 0.037 Thread 0x000001d20d417f90 Thread added: 0x000001d22ba1b960
Event: 0.037 Thread 0x000001d20d417f90 Thread added: 0x000001d22ba1e210
Event: 0.037 Thread 0x000001d20d417f90 Thread added: 0x000001d22ba28cb0
Event: 0.037 Thread 0x000001d20d417f90 Thread added: 0x000001d22ba2d210
Event: 0.050 Thread 0x000001d20d417f90 Thread added: 0x000001d22bb9c640
Event: 0.051 Thread 0x000001d20d417f90 Thread added: 0x000001d22bba7e90
Event: 0.314 Thread 0x000001d20d417f90 Thread added: 0x000001d22be36b00
Event: 0.325 Thread 0x000001d22be36b00 Thread exited: 0x000001d22be36b00
Event: 0.697 Thread 0x000001d22ba2d210 Thread added: 0x000001d2716ee8e0
Event: 2.233 Thread 0x000001d20d417f90 Thread added: 0x000001d2722ae3a0


Dynamic libraries:
0x00007ff6837f0000 - 0x00007ff6837fe000 	C:\Program Files\Eclipse Adoptium\jdk-21.0.8.9-hotspot\bin\java.exe
0x00007ffa59d00000 - 0x00007ffa59f67000 	C:\WINDOWS\SYSTEM32\ntdll.dll
0x00007ffa58770000 - 0x00007ffa58839000 	C:\WINDOWS\System32\KERNEL32.DLL
0x00007ffa56c30000 - 0x00007ffa57021000 	C:\WINDOWS\System32\KERNELBASE.dll
0x00007ffa56750000 - 0x00007ffa5689b000 	C:\WINDOWS\System32\ucrtbase.dll
0x00007ffa43ea0000 - 0x00007ffa43ebe000 	C:\Program Files\Eclipse Adoptium\jdk-21.0.8.9-hotspot\bin\VCRUNTIME140.dll
0x00007ffa51570000 - 0x00007ffa51588000 	C:\Program Files\Eclipse Adoptium\jdk-21.0.8.9-hotspot\bin\jli.dll
0x00007ffa59040000 - 0x00007ffa59205000 	C:\WINDOWS\System32\USER32.dll
0x00007ffa3c000000 - 0x00007ffa3c293000 	C:\WINDOWS\WinSxS\amd64_microsoft.windows.common-controls_6595b64144ccf1df_6.0.26100.8037_none_3e092faae333b53b\COMCTL32.dll
0x00007ffa56a80000 - 0x00007ffa56aa7000 	C:\WINDOWS\System32\win32u.dll
0x00007ffa59a70000 - 0x00007ffa59b19000 	C:\WINDOWS\System32\msvcrt.dll
0x00007ffa59380000 - 0x00007ffa593ab000 	C:\WINDOWS\System32\GDI32.dll
0x00007ffa568a0000 - 0x00007ffa569cb000 	C:\WINDOWS\System32\gdi32full.dll
0x00007ffa565e0000 - 0x00007ffa56683000 	C:\WINDOWS\System32\msvcp_win.dll
0x00007ffa592b0000 - 0x00007ffa592e1000 	C:\WINDOWS\System32\IMM32.DLL
0x00007ffa43f00000 - 0x00007ffa43f0c000 	C:\Program Files\Eclipse Adoptium\jdk-21.0.8.9-hotspot\bin\vcruntime140_1.dll
0x00007ff9cb560000 - 0x00007ff9cb5ed000 	C:\Program Files\Eclipse Adoptium\jdk-21.0.8.9-hotspot\bin\msvcp140.dll
0x00007ff9c1540000 - 0x00007ff9c22d7000 	C:\Program Files\Eclipse Adoptium\jdk-21.0.8.9-hotspot\bin\server\jvm.dll
0x00007ffa57dc0000 - 0x00007ffa57e7b000 	C:\WINDOWS\System32\ADVAPI32.dll
0x00007ffa585c0000 - 0x00007ffa58667000 	C:\WINDOWS\System32\sechost.dll
0x00007ffa593b0000 - 0x00007ffa594c8000 	C:\WINDOWS\System32\RPCRT4.dll
0x00007ffa58540000 - 0x00007ffa585b4000 	C:\WINDOWS\System32\WS2_32.dll
0x00007ffa56460000 - 0x00007ffa564be000 	C:\WINDOWS\SYSTEM32\POWRPROF.dll
0x00007ffa4ebc0000 - 0x00007ffa4ebf5000 	C:\WINDOWS\SYSTEM32\WINMM.dll
0x00007ffa44680000 - 0x00007ffa4468b000 	C:\WINDOWS\SYSTEM32\VERSION.dll
0x00007ffa56440000 - 0x00007ffa56454000 	C:\WINDOWS\SYSTEM32\UMPDC.dll
0x00007ffa55350000 - 0x00007ffa5536b000 	C:\WINDOWS\SYSTEM32\kernel.appcore.dll
0x00007ffa0b5a0000 - 0x00007ffa0b5aa000 	C:\Program Files\Eclipse Adoptium\jdk-21.0.8.9-hotspot\bin\jimage.dll
0x00007ffa543d0000 - 0x00007ffa54612000 	C:\WINDOWS\SYSTEM32\DBGHELP.DLL
0x00007ffa594d0000 - 0x00007ffa59852000 	C:\WINDOWS\System32\combase.dll
0x00007ffa58460000 - 0x00007ffa58537000 	C:\WINDOWS\System32\OLEAUT32.dll
0x00007ffa31950000 - 0x00007ffa3198b000 	C:\WINDOWS\SYSTEM32\dbgcore.DLL
0x00007ffa569d0000 - 0x00007ffa56a75000 	C:\WINDOWS\System32\bcryptPrimitives.dll
0x00007ffa1c210000 - 0x00007ffa1c22f000 	C:\Program Files\Eclipse Adoptium\jdk-21.0.8.9-hotspot\bin\java.dll
0x00007ffa58840000 - 0x00007ffa58f9f000 	C:\WINDOWS\System32\SHELL32.dll
0x00007ffa570c0000 - 0x00007ffa5722a000 	C:\WINDOWS\System32\wintypes.dll
0x00007ffa57230000 - 0x00007ffa57a94000 	C:\WINDOWS\System32\windows.storage.dll
0x00007ffa58670000 - 0x00007ffa58767000 	C:\WINDOWS\System32\SHCORE.dll
0x00007ffa57ab0000 - 0x00007ffa57b17000 	C:\WINDOWS\System32\shlwapi.dll
0x00007ffa56500000 - 0x00007ffa56529000 	C:\WINDOWS\SYSTEM32\profapi.dll
0x00007ff9d38d0000 - 0x00007ff9d39a7000 	C:\Program Files\Eclipse Adoptium\jdk-21.0.8.9-hotspot\bin\jsvml.dll
0x00007ff9e9700000 - 0x00007ff9e9710000 	C:\Program Files\Eclipse Adoptium\jdk-21.0.8.9-hotspot\bin\net.dll
0x00007ffa4a160000 - 0x00007ffa4a287000 	C:\WINDOWS\SYSTEM32\WINHTTP.dll
0x00007ffa558e0000 - 0x00007ffa5594b000 	C:\WINDOWS\system32\mswsock.dll
0x00007ff9e96e0000 - 0x00007ff9e96f6000 	C:\Program Files\Eclipse Adoptium\jdk-21.0.8.9-hotspot\bin\nio.dll
0x00007ff9d38b0000 - 0x00007ff9d38c8000 	C:\Program Files\Eclipse Adoptium\jdk-21.0.8.9-hotspot\bin\zip.dll
0x00007ffa46450000 - 0x00007ffa46474000 	E:\apache-maven-3.9.11-bin\apache-maven-3.9.11\lib\jansi-native\Windows\x86_64\jansi.dll
0x00007ff9e5a60000 - 0x00007ff9e5a70000 	C:\Program Files\Eclipse Adoptium\jdk-21.0.8.9-hotspot\bin\verify.dll

JVMTI agents: none

dbghelp: loaded successfully - version: 4.0.5 - missing functions: none
symbol engine: initialized successfully - sym options: 0x614 - pdb path: .;C:\Program Files\Eclipse Adoptium\jdk-21.0.8.9-hotspot\bin;C:\WINDOWS\SYSTEM32;C:\WINDOWS\WinSxS\amd64_microsoft.windows.common-controls_6595b64144ccf1df_6.0.26100.8037_none_3e092faae333b53b;C:\Program Files\Eclipse Adoptium\jdk-21.0.8.9-hotspot\bin\server;E:\apache-maven-3.9.11-bin\apache-maven-3.9.11\lib\jansi-native\Windows\x86_64

VM Arguments:
jvm_args: --enable-native-access=ALL-UNNAMED -Dclassworlds.conf=E:\apache-maven-3.9.11-bin\apache-maven-3.9.11\bin\m2.conf -Dmaven.home=E:\apache-maven-3.9.11-bin\apache-maven-3.9.11 -Dlibrary.jansi.path=E:\apache-maven-3.9.11-bin\apache-maven-3.9.11\lib\jansi-native -Dmaven.multiModuleProjectDirectory=E:\SKILL_SYNC-SPRING\group-service 
java_command: org.codehaus.plexus.classworlds.launcher.Launcher spring-boot:run
java_class_path (initial): E:\apache-maven-3.9.11-bin\apache-maven-3.9.11\boot\plexus-classworlds-2.9.0.jar
Launcher Type: SUN_STANDARD

[Global flags]
     intx CICompilerCount                          = 3                                         {product} {ergonomic}
     uint ConcGCThreads                            = 1                                         {product} {ergonomic}
     uint G1ConcRefinementThreads                  = 4                                         {product} {ergonomic}
   size_t G1HeapRegionSize                         = 1048576                                   {product} {ergonomic}
    uintx GCDrainStackTargetSize                   = 64                                        {product} {ergonomic}
   size_t InitialHeapSize                          = 130023424                                 {product} {ergonomic}
   size_t MarkStackSize                            = 4194304                                   {product} {ergonomic}
   size_t MaxHeapSize                              = 2055208960                                {product} {ergonomic}
   size_t MaxNewSize                               = 1233125376                                {product} {ergonomic}
   size_t MinHeapDeltaBytes                        = 1048576                                   {product} {ergonomic}
   size_t MinHeapSize                              = 8388608                                   {product} {ergonomic}
    uintx NonNMethodCodeHeapSize                   = 5832780                                {pd product} {ergonomic}
    uintx NonProfiledCodeHeapSize                  = 122912730                              {pd product} {ergonomic}
    uintx ProfiledCodeHeapSize                     = 122912730                              {pd product} {ergonomic}
    uintx ReservedCodeCacheSize                    = 251658240                              {pd product} {ergonomic}
     bool SegmentedCodeCache                       = true                                      {product} {ergonomic}
   size_t SoftMaxHeapSize                          = 2055208960                             {manageable} {ergonomic}
     bool UseCompressedOops                        = true                           {product lp64_product} {ergonomic}
     bool UseG1GC                                  = true                                      {product} {ergonomic}
     bool UseLargePagesIndividualAllocation        = false                                  {pd product} {ergonomic}

Logging:
Log output configuration:
 #0: stdout all=warning uptime,level,tags foldmultilines=false
 #1: stderr all=off uptime,level,tags foldmultilines=false

Environment Variables:
JAVA_HOME=C:\Program Files\Eclipse Adoptium\jdk-21.0.8.9-hotspot\
PATH=E:\oracle\product\10.2.0\db_1\bin;C:\Program Files\Eclipse Adoptium\jdk-21.0.8.9-hotspot\bin;C:\Program Files (x86)\VMware\VMware Workstation\bin\;C:\WINDOWS\system32;C:\WINDOWS;C:\WINDOWS\System32\Wbem;C:\WINDOWS\System32\WindowsPowerShell\v1.0\;C:\WINDOWS\System32\OpenSSH\;C:\MinGW\bin;C:\Program Files\nodejs\;E:\apache-maven-3.9.11-bin\apache-maven-3.9.11\bin;E:\Git\cmd;E:\Git\bin;C:\Program Files\Docker\Docker\resources\bin;C:\Users\HP\AppData\Local\Programs\Python\Python310\Scripts\;C:\Users\HP\AppData\Local\Programs\Python\Python310\;C:\Users\HP\AppData\Local\Programs\Python\Python313\Scripts\;C:\Users\HP\AppData\Local\Programs\Python\Python313\;C:\Users\HP\AppData\Local\Programs\Python\Launcher\;C:\Users\HP\AppData\Local\Microsoft\WindowsApps;C:\Users\HP\AppData\Local\Programs\Microsoft VS Code\bin;C:\Users\HP\AppData\Roaming\npm;C:\Program Files (x86)\MongoDB Atlas CLI\;E:\apache-maven-3.9.11-bin\apache-maven-3.9.11\bin;E:\Git\bin;E:\Git\cmd;E:\Antigravity\Antigravity\bin;c:\Users\HP\.antigravity\extensions\vscjava.vscode-java-debug-0.58.5-universal\bundled\scripts\noConfigScripts
USERNAME=HP
LANG=en_US.UTF-8
OS=Windows_NT
PROCESSOR_IDENTIFIER=Intel64 Family 6 Model 140 Stepping 1, GenuineIntel
TMP=E:\temp
TEMP=E:\temp




Periodic native trim disabled

---------------  S Y S T E M  ---------------

OS:
 Windows 11 , 64 bit Build 26100 (10.0.26100.7920)
OS uptime: 0 days 4:14 hours
Hyper-V role detected

CPU: total 4 (initial active 4) (2 cores per cpu, 2 threads per core) family 6 model 140 stepping 1 microcode 0xb4, cx8, cmov, fxsr, ht, mmx, 3dnowpref, sse, sse2, sse3, ssse3, sse4.1, sse4.2, popcnt, lzcnt, tsc, tscinvbit, avx, avx2, aes, erms, clmul, bmi1, bmi2, adx, avx512f, avx512dq, avx512cd, avx512bw, avx512vl, sha, fma, vzeroupper, avx512_vpopcntdq, avx512_vpclmulqdq, avx512_vaes, avx512_vnni, clflush, clflushopt, clwb, avx512_vbmi2, avx512_vbmi, hv, rdtscp, rdpid, fsrm, gfni, avx512_bitalg, f16c, cet_ibt, cet_ss, avx512_ifma
Processor Information for the first 4 processors :
  Max Mhz: 2901, Current Mhz: 2901, Mhz Limit: 2901

Memory: 4k page, system-wide physical 7834M (499M free)
TotalPageFile size 31386M (AvailPageFile size 10M)
current process WorkingSet (physical memory assigned to process): 178M, peak: 184M
current process commit charge ("private bytes"): 247M, peak: 254M

vm_info: OpenJDK 64-Bit Server VM (21.0.8+9-LTS) for windows-amd64 JRE (21.0.8+9-LTS), built on 2025-07-15T00:00:00Z by "admin" with MS VC++ 17.7 (VS2022)

END.
